<?xml version="1.0" encoding="UTF-8" ?>
<testsuite tests="4" failures="0" name="fr.ufc.l3info.oprog.TestStation" time="0" errors="0" skipped="0">
  <properties>
[...]
</properties>
  <testcase classname="fr.ufc.l3info.oprog.TestStation" name="testAddLine" time="0"/>
  <testcase classname="fr.ufc.l3info.oprog.TestStation" name="TestGetLines" time="0"/>
  <testcase classname="fr.ufc.l3info.oprog.TestStation" name="testName" time="0"/>
  <testcase classname="fr.ufc.l3info.oprog.TestStation" name="testRemoveLine" time="0"/>
</testsuite>