<?xml version="1.0" encoding="UTF-8"?>
<testsuite xmlns:xsi="http://www.w3.org/2001/XMLSchema-instance" xsi:noNamespaceSchemaLocation="https://maven.apache.org/surefire/maven-surefire-plugin/xsd/surefire-test-report-3.0.xsd" version="3.0" name="fr.ufc.l3info.oprog.TestStation" time="0.001" tests="18" errors="0" skipped="0" failures="0">
  <properties>
[...]
</properties>
  <testcase name="testNonEgaliteDeuxStations" classname="fr.ufc.l3info.oprog.TestStation" time="0"/>
  <testcase name="testSuppressionDeLigne" classname="fr.ufc.l3info.oprog.TestStation" time="0"/>
  <testcase name="testNomDeLaStation" classname="fr.ufc.l3info.oprog.TestStation" time="0"/>
  <testcase name="testAjoutLigneAvecDistanceNegative" classname="fr.ufc.l3info.oprog.TestStation" time="0"/>
  <testcase name="testAjoutLignesAvecNomsSimilaires" classname="fr.ufc.l3info.oprog.TestStation" time="0"/>
  <testcase name="testMutantAjoutLigneAvecNumeroZero" classname="fr.ufc.l3info.oprog.TestStation" time="0"/>
  <testcase name="testRecuperationInfosAvecNomNull" classname="fr.ufc.l3info.oprog.TestStation" time="0"/>
  <testcase name="testEgaliteStationAvecAutreObjet" classname="fr.ufc.l3info.oprog.TestStation" time="0"/>
  <testcase name="testHashCodeStation" classname="fr.ufc.l3info.oprog.TestStation" time="0"/>
  <testcase name="testEgaliteDeuxStations" classname="fr.ufc.l3info.oprog.TestStation" time="0"/>
  <testcase name="testAjoutLigneAvecNumeroNegatif" classname="fr.ufc.l3info.oprog.TestStation" time="0"/>
  <testcase name="testObtenirLignesSansAjout" classname="fr.ufc.l3info.oprog.TestStation" time="0"/>
  <testcase name="testSuppressionLigneInexistante" classname="fr.ufc.l3info.oprog.TestStation" time="0"/>
  <testcase name="testEgaliteStationAvecNull" classname="fr.ufc.l3info.oprog.TestStation" time="0"/>
  <testcase name="testAjoutMultipleDeLignes" classname="fr.ufc.l3info.oprog.TestStation" time="0"/>
  <testcase name="testMutantDistancePourLigneInexistante" classname="fr.ufc.l3info.oprog.TestStation" time="0"/>
  <testcase name="testAjoutLigneAvecNomNull" classname="fr.ufc.l3info.oprog.TestStation" time="0"/>
  <testcase name="testAjoutLigneAvecNomVide" classname="fr.ufc.l3info.oprog.TestStation" time="0"/>
</testsuite>