<?xml version="1.0" encoding="UTF-8"?>
<testsuite xmlns:xsi="http://www.w3.org/2001/XMLSchema-instance" xsi:noNamespaceSchemaLocation="https://maven.apache.org/surefire/maven-surefire-plugin/xsd/surefire-test-report-3.0.xsd" version="3.0" name="fr.ufc.l3info.oprog.TestBaseTicket" time="0.014" tests="32" errors="0" skipped="0" failures="0">
  <properties>
[...]
</properties>
  <testcase name="testAmountJustBelowZero" classname="fr.ufc.l3info.oprog.TestBaseTicket" time="0"/>
  <testcase name="testGetAmount_ADULT" classname="fr.ufc.l3info.oprog.TestBaseTicket" time="0"/>
  <testcase name="testGetAmount_CHILD" classname="fr.ufc.l3info.oprog.TestBaseTicket" time="0"/>
  <testcase name="testGetAmount_NO_AMOUNT" classname="fr.ufc.l3info.oprog.TestBaseTicket" time="0"/>
  <testcase name="testInvalidate_DONE" classname="fr.ufc.l3info.oprog.TestBaseTicket" time="0"/>
  <testcase name="testInvalidate_FAIL" classname="fr.ufc.l3info.oprog.TestBaseTicket" time="0"/>
  <testcase name="testEntering_EMPTY" classname="fr.ufc.l3info.oprog.TestBaseTicket" time="0"/>
  <testcase name="testEntering_TWICE" classname="fr.ufc.l3info.oprog.TestBaseTicket" time="0"/>
  <testcase name="testEntering_VALID" classname="fr.ufc.l3info.oprog.TestBaseTicket" time="0"/>
  <testcase name="testGetAmount_NEGATIVE" classname="fr.ufc.l3info.oprog.TestBaseTicket" time="0"/>
  <testcase name="testIsValid_TRUE" classname="fr.ufc.l3info.oprog.TestBaseTicket" time="0"/>
  <testcase name="testEntering_NULL" classname="fr.ufc.l3info.oprog.TestBaseTicket" time="0"/>
  <testcase name="testIsValidAfterEnteringAndInvalidate" classname="fr.ufc.l3info.oprog.TestBaseTicket" time="0"/>
  <testcase name="testIsValid_FALSE" classname="fr.ufc.l3info.oprog.TestBaseTicket" time="0"/>
  <testcase name="testIsChildAfterInvalidate_KO" classname="fr.ufc.l3info.oprog.TestBaseTicket" time="0"/>
  <testcase name="testInvalidateEnterInvalidateSequence" classname="fr.ufc.l3info.oprog.TestBaseTicket" time="0"/>
  <testcase name="testIsChild_FALSE" classname="fr.ufc.l3info.oprog.TestBaseTicket" time="0"/>
  <testcase name="testIsValidAfterEntering" classname="fr.ufc.l3info.oprog.TestBaseTicket" time="0"/>
  <testcase name="testGetAmountAfterEntering" classname="fr.ufc.l3info.oprog.TestBaseTicket" time="0"/>
  <testcase name="testEnteringAfterInvalidate" classname="fr.ufc.l3info.oprog.TestBaseTicket" time="0"/>
  <testcase name="testMultipleInvalidate" classname="fr.ufc.l3info.oprog.TestBaseTicket" time="0"/>
  <testcase name="testSwitchingStationsWithoutInvalidation" classname="fr.ufc.l3info.oprog.TestBaseTicket" time="0"/>
  <testcase name="testGetAmount_MAX_VALUE" classname="fr.ufc.l3info.oprog.TestBaseTicket" time="0"/>
  <testcase name="testEntering_LongName" classname="fr.ufc.l3info.oprog.TestBaseTicket" time="0"/>
  <testcase name="testGetEntryStation_INVALID" classname="fr.ufc.l3info.oprog.TestBaseTicket" time="0"/>
  <testcase name="testEnteringThenInvalidate" classname="fr.ufc.l3info.oprog.TestBaseTicket" time="0"/>
  <testcase name="testGetAmount_MIN_VALUE" classname="fr.ufc.l3info.oprog.TestBaseTicket" time="0"/>
  <testcase name="testIsChild_TRUE_KO" classname="fr.ufc.l3info.oprog.TestBaseTicket" time="0"/>
  <testcase name="testIsValid_JustCreated" classname="fr.ufc.l3info.oprog.TestBaseTicket" time="0"/>
  <testcase name="testAmountJustAboveZero" classname="fr.ufc.l3info.oprog.TestBaseTicket" time="0"/>
  <testcase name="testEntering_SpecialChars" classname="fr.ufc.l3info.oprog.TestBaseTicket" time="0"/>
  <testcase name="testGetEntryStation_VALID" classname="fr.ufc.l3info.oprog.TestBaseTicket" time="0"/>
</testsuite>