<?xml version="1.0" encoding="UTF-8" ?>
<testsuite tests="33" failures="3" name="fr.ufc.l3info.oprog.TestAdjustedTicket" time="0.237" errors="0" skipped="0">
  <properties>
[...]
</properties>
  <testcase classname="fr.ufc.l3info.oprog.TestAdjustedTicket" name="testEnteringStation" time="0.105"/>
  <testcase classname="fr.ufc.l3info.oprog.TestAdjustedTicket" name="testChildStatus" time="0"/>
  <testcase classname="fr.ufc.l3info.oprog.TestAdjustedTicket" name="testGetAmount_ADULT" time="0"/>
  <testcase classname="fr.ufc.l3info.oprog.TestAdjustedTicket" name="testGetAmount_CHILD" time="0"/>
  <testcase classname="fr.ufc.l3info.oprog.TestAdjustedTicket" name="testGetAmount_NO_AMOUNT" time="0"/>
  <testcase classname="fr.ufc.l3info.oprog.TestAdjustedTicket" name="testInvalidate_DONE" time="0"/>
  <testcase classname="fr.ufc.l3info.oprog.TestAdjustedTicket" name="testInvalidate_FAIL" time="0"/>
  <testcase classname="fr.ufc.l3info.oprog.TestAdjustedTicket" name="testEntering_EMPTY" time="0"/>
  <testcase classname="fr.ufc.l3info.oprog.TestAdjustedTicket" name="testEntering_TWICE" time="0"/>
  <testcase classname="fr.ufc.l3info.oprog.TestAdjustedTicket" name="testEntering_VALID" time="0"/>
  <testcase classname="fr.ufc.l3info.oprog.TestAdjustedTicket" name="testAdjustedAmount" time="0"/>
  <testcase classname="fr.ufc.l3info.oprog.TestAdjustedTicket" name="testGetAmount_NEGATIVE" time="0"/>
  <testcase classname="fr.ufc.l3info.oprog.TestAdjustedTicket" name="testIsValid_TRUE" time="0"/>
  <testcase classname="fr.ufc.l3info.oprog.TestAdjustedTicket" name="testInheritedEntering" time="0"/>
  <testcase classname="fr.ufc.l3info.oprog.TestAdjustedTicket" name="testEntering_NULL" time="0"/>
  <testcase classname="fr.ufc.l3info.oprog.TestAdjustedTicket" name="testIsValid_FALSE" time="0"/>
  <testcase classname="fr.ufc.l3info.oprog.TestAdjustedTicket" name="testEnteringPropagation" time="0"/>
  <testcase classname="fr.ufc.l3info.oprog.TestAdjustedTicket" name="testNoAdjustForNegativeAmount" time="0"/>
  <testcase classname="fr.ufc.l3info.oprog.TestAdjustedTicket" name="testIsChild_FALSE" time="0"/>
  <testcase classname="fr.ufc.l3info.oprog.TestAdjustedTicket" name="testInvalidateAfterEntering" time="0"/>
  <testcase classname="fr.ufc.l3info.oprog.TestAdjustedTicket" name="testInvalidationPropagation" time="0"/>
  <testcase classname="fr.ufc.l3info.oprog.TestAdjustedTicket" name="testEnteringAfterInvalidate_KO" time="0.114">
    <failure type="java.lang.AssertionError">java.lang.AssertionError
	at org.junit.Assert.fail(Assert.java:86)
	at org.junit.Assert.assertTrue(Assert.java:41)
	at org.junit.Assert.assertTrue(Assert.java:52)
	at fr.ufc.l3info.oprog.TestAdjustedTicket.testEnteringAfterInvalidate_KO(TestAdjustedTicket.java:204)
	at sun.reflect.NativeMethodAccessorImpl.invoke0(Native Method)
	at sun.reflect.NativeMethodAccessorImpl.invoke(NativeMethodAccessorImpl.java:62)
	at sun.reflect.DelegatingMethodAccessorImpl.invoke(DelegatingMethodAccessorImpl.java:43)
	at java.lang.reflect.Method.invoke(Method.java:498)
	at org.junit.runners.model.FrameworkMethod$1.runReflectiveCall(FrameworkMethod.java:50)
	at org.junit.internal.runners.model.ReflectiveCallable.run(ReflectiveCallable.java:12)
	at org.junit.runners.model.FrameworkMethod.invokeExplosively(FrameworkMethod.java:47)
	at org.junit.internal.runners.statements.InvokeMethod.evaluate(InvokeMethod.java:17)
	at org.junit.internal.runners.statements.RunBefores.evaluate(RunBefores.java:26)
	at org.junit.runners.ParentRunner.runLeaf(ParentRunner.java:325)
	at org.junit.runners.BlockJUnit4ClassRunner.runChild(BlockJUnit4ClassRunner.java:78)
	at org.junit.runners.BlockJUnit4ClassRunner.runChild(BlockJUnit4ClassRunner.java:57)
	at org.junit.runners.ParentRunner$3.run(ParentRunner.java:290)
	at org.junit.runners.ParentRunner$1.schedule(ParentRunner.java:71)
	at org.junit.runners.ParentRunner.runChildren(ParentRunner.java:288)
	at org.junit.runners.ParentRunner.access$000(ParentRunner.java:58)
	at org.junit.runners.ParentRunner$2.evaluate(ParentRunner.java:268)
	at org.junit.runners.ParentRunner.run(ParentRunner.java:363)
	at org.apache.maven.surefire.junit4.JUnit4Provider.execute(JUnit4Provider.java:252)
	at org.apache.maven.surefire.junit4.JUnit4Provider.executeTestSet(JUnit4Provider.java:141)
	at org.apache.maven.surefire.junit4.JUnit4Provider.invoke(JUnit4Provider.java:112)
	at sun.reflect.NativeMethodAccessorImpl.invoke0(Native Method)
	at sun.reflect.NativeMethodAccessorImpl.invoke(NativeMethodAccessorImpl.java:62)
	at sun.reflect.DelegatingMethodAccessorImpl.invoke(DelegatingMethodAccessorImpl.java:43)
	at java.lang.reflect.Method.invoke(Method.java:498)
	at org.apache.maven.surefire.util.ReflectionUtils.invokeMethodWithArray(ReflectionUtils.java:189)
	at org.apache.maven.surefire.booter.ProviderFactory$ProviderProxy.invoke(ProviderFactory.java:165)
	at org.apache.maven.surefire.booter.ProviderFactory.invokeProvider(ProviderFactory.java:85)
	at org.apache.maven.surefire.booter.ForkedBooter.runSuitesInProcess(ForkedBooter.java:115)
	at org.apache.maven.surefire.booter.ForkedBooter.main(ForkedBooter.java:75)
</failure>
  </testcase>
  <testcase classname="fr.ufc.l3info.oprog.TestAdjustedTicket" name="testNullTicketConstruction" time="0"/>
  <testcase classname="fr.ufc.l3info.oprog.TestAdjustedTicket" name="testNegativeAdjustedAmountEqualsBaseAmount" time="0"/>
  <testcase classname="fr.ufc.l3info.oprog.TestAdjustedTicket" name="testMultipleAdjustments" time="0"/>
  <testcase classname="fr.ufc.l3info.oprog.TestAdjustedTicket" name="testGetEntryStation_INVALID" time="0"/>
  <testcase classname="fr.ufc.l3info.oprog.TestAdjustedTicket" name="testAdjustmentToZeroAmount_KO" time="0">
    <failure message="expected:&lt;0&gt; but was:&lt;20&gt;" type="java.lang.AssertionError">java.lang.AssertionError: expected:&lt;0&gt; but was:&lt;20&gt;
	at org.junit.Assert.fail(Assert.java:88)
	at org.junit.Assert.failNotEquals(Assert.java:834)
	at org.junit.Assert.assertEquals(Assert.java:645)
	at org.junit.Assert.assertEquals(Assert.java:631)
	at fr.ufc.l3info.oprog.TestAdjustedTicket.testAdjustmentToZeroAmount_KO(TestAdjustedTicket.java:197)
	at sun.reflect.NativeMethodAccessorImpl.invoke0(Native Method)
	at sun.reflect.NativeMethodAccessorImpl.invoke(NativeMethodAccessorImpl.java:62)
	at sun.reflect.DelegatingMethodAccessorImpl.invoke(DelegatingMethodAccessorImpl.java:43)
	at java.lang.reflect.Method.invoke(Method.java:498)
	at org.junit.runners.model.FrameworkMethod$1.runReflectiveCall(FrameworkMethod.java:50)
	at org.junit.internal.runners.model.ReflectiveCallable.run(ReflectiveCallable.java:12)
	at org.junit.runners.model.FrameworkMethod.invokeExplosively(FrameworkMethod.java:47)
	at org.junit.internal.runners.statements.InvokeMethod.evaluate(InvokeMethod.java:17)
	at org.junit.internal.runners.statements.RunBefores.evaluate(RunBefores.java:26)
	at org.junit.runners.ParentRunner.runLeaf(ParentRunner.java:325)
	at org.junit.runners.BlockJUnit4ClassRunner.runChild(BlockJUnit4ClassRunner.java:78)
	at org.junit.runners.BlockJUnit4ClassRunner.runChild(BlockJUnit4ClassRunner.java:57)
	at org.junit.runners.ParentRunner$3.run(ParentRunner.java:290)
	at org.junit.runners.ParentRunner$1.schedule(ParentRunner.java:71)
	at org.junit.runners.ParentRunner.runChildren(ParentRunner.java:288)
	at org.junit.runners.ParentRunner.access$000(ParentRunner.java:58)
	at org.junit.runners.ParentRunner$2.evaluate(ParentRunner.java:268)
	at org.junit.runners.ParentRunner.run(ParentRunner.java:363)
	at org.apache.maven.surefire.junit4.JUnit4Provider.execute(JUnit4Provider.java:252)
	at org.apache.maven.surefire.junit4.JUnit4Provider.executeTestSet(JUnit4Provider.java:141)
	at org.apache.maven.surefire.junit4.JUnit4Provider.invoke(JUnit4Provider.java:112)
	at sun.reflect.NativeMethodAccessorImpl.invoke0(Native Method)
	at sun.reflect.NativeMethodAccessorImpl.invoke(NativeMethodAccessorImpl.java:62)
	at sun.reflect.DelegatingMethodAccessorImpl.invoke(DelegatingMethodAccessorImpl.java:43)
	at java.lang.reflect.Method.invoke(Method.java:498)
	at org.apache.maven.surefire.util.ReflectionUtils.invokeMethodWithArray(ReflectionUtils.java:189)
	at org.apache.maven.surefire.booter.ProviderFactory$ProviderProxy.invoke(ProviderFactory.java:165)
	at org.apache.maven.surefire.booter.ProviderFactory.invokeProvider(ProviderFactory.java:85)
	at org.apache.maven.surefire.booter.ForkedBooter.runSuitesInProcess(ForkedBooter.java:115)
	at org.apache.maven.surefire.booter.ForkedBooter.main(ForkedBooter.java:75)
</failure>
  </testcase>
  <testcase classname="fr.ufc.l3info.oprog.TestAdjustedTicket" name="testIsChild_TRUE_KO" time="0">
    <failure type="java.lang.AssertionError">java.lang.AssertionError
	at org.junit.Assert.fail(Assert.java:86)
	at org.junit.Assert.assertTrue(Assert.java:41)
	at org.junit.Assert.assertTrue(Assert.java:52)
	at fr.ufc.l3info.oprog.TestAdjustedTicket.testIsChild_TRUE_KO(TestAdjustedTicket.java:69)
	at sun.reflect.NativeMethodAccessorImpl.invoke0(Native Method)
	at sun.reflect.NativeMethodAccessorImpl.invoke(NativeMethodAccessorImpl.java:62)
	at sun.reflect.DelegatingMethodAccessorImpl.invoke(DelegatingMethodAccessorImpl.java:43)
	at java.lang.reflect.Method.invoke(Method.java:498)
	at org.junit.runners.model.FrameworkMethod$1.runReflectiveCall(FrameworkMethod.java:50)
	at org.junit.internal.runners.model.ReflectiveCallable.run(ReflectiveCallable.java:12)
	at org.junit.runners.model.FrameworkMethod.invokeExplosively(FrameworkMethod.java:47)
	at org.junit.internal.runners.statements.InvokeMethod.evaluate(InvokeMethod.java:17)
	at org.junit.internal.runners.statements.RunBefores.evaluate(RunBefores.java:26)
	at org.junit.runners.ParentRunner.runLeaf(ParentRunner.java:325)
	at org.junit.runners.BlockJUnit4ClassRunner.runChild(BlockJUnit4ClassRunner.java:78)
	at org.junit.runners.BlockJUnit4ClassRunner.runChild(BlockJUnit4ClassRunner.java:57)
	at org.junit.runners.ParentRunner$3.run(ParentRunner.java:290)
	at org.junit.runners.ParentRunner$1.schedule(ParentRunner.java:71)
	at org.junit.runners.ParentRunner.runChildren(ParentRunner.java:288)
	at org.junit.runners.ParentRunner.access$000(ParentRunner.java:58)
	at org.junit.runners.ParentRunner$2.evaluate(ParentRunner.java:268)
	at org.junit.runners.ParentRunner.run(ParentRunner.java:363)
	at org.apache.maven.surefire.junit4.JUnit4Provider.execute(JUnit4Provider.java:252)
	at org.apache.maven.surefire.junit4.JUnit4Provider.executeTestSet(JUnit4Provider.java:141)
	at org.apache.maven.surefire.junit4.JUnit4Provider.invoke(JUnit4Provider.java:112)
	at sun.reflect.NativeMethodAccessorImpl.invoke0(Native Method)
	at sun.reflect.NativeMethodAccessorImpl.invoke(NativeMethodAccessorImpl.java:62)
	at sun.reflect.DelegatingMethodAccessorImpl.invoke(DelegatingMethodAccessorImpl.java:43)
	at java.lang.reflect.Method.invoke(Method.java:498)
	at org.apache.maven.surefire.util.ReflectionUtils.invokeMethodWithArray(ReflectionUtils.java:189)
	at org.apache.maven.surefire.booter.ProviderFactory$ProviderProxy.invoke(ProviderFactory.java:165)
	at org.apache.maven.surefire.booter.ProviderFactory.invokeProvider(ProviderFactory.java:85)
	at org.apache.maven.surefire.booter.ForkedBooter.runSuitesInProcess(ForkedBooter.java:115)
	at org.apache.maven.surefire.booter.ForkedBooter.main(ForkedBooter.java:75)
</failure>
  </testcase>
  <testcase classname="fr.ufc.l3info.oprog.TestAdjustedTicket" name="testZeroAdjustment" time="0"/>
  <testcase classname="fr.ufc.l3info.oprog.TestAdjustedTicket" name="testIsValid" time="0"/>
  <testcase classname="fr.ufc.l3info.oprog.TestAdjustedTicket" name="testInvalidate" time="0"/>
  <testcase classname="fr.ufc.l3info.oprog.TestAdjustedTicket" name="testInheritedInvalidation" time="0"/>
  <testcase classname="fr.ufc.l3info.oprog.TestAdjustedTicket" name="testGetEntryStation_VALID" time="0.018"/>
</testsuite>