-- The CXX compiler identification is GNU 12.2.0
-- The C compiler identification is GNU 12.2.0
-- Detecting CXX compiler ABI info
-- Detecting CXX compiler ABI info - done
-- Check for working CXX compiler: /usr/bin/c++ - skipped
-- Detecting CXX compile features
-- Detecting CXX compile features - done
-- Detecting C compiler ABI info
-- Detecting C compiler ABI info - done
-- Check for working C compiler: /usr/bin/cc - skipped
-- Detecting C compile features
-- Detecting C compile features - done
-- Performing Test CMAKE_HAVE_LIBC_PTHREAD
-- Performing Test CMAKE_HAVE_LIBC_PTHREAD - Success
-- Found Threads: TRUE  
-- Configuring done
-- Generating done
-- Build files have been written to: /home/jube/Univ/theorie_des_langages/projet/corr/2023/sandbox/build
[ 25%] Building CXX object CMakeFiles/testfa.dir/Automaton.cc.o
[ 50%] Building CXX object CMakeFiles/testfa.dir/testfa.cc.o
[ 75%] Building CXX object CMakeFiles/testfa.dir/googletest/googletest/src/gtest-all.cc.o
[100%] Linking CXX executable testfa
[100%] Built target testfa
==645645== Memcheck, a memory error detector
==645645== Copyright (C) 2002-2022, and GNU GPL'd, by Julian Seward et al.
==645645== Using Valgrind-3.19.0 and LibVEX; rerun with -h for copyright info
==645645== Command: ./testfa
==645645== 
[==========] Running 174 tests from 30 test suites.
[----------] Global test environment set-up.
[----------] 6 tests from AutomatonIsValidTest
[ RUN      ] AutomatonIsValidTest.Default
[       OK ] AutomatonIsValidTest.Default (3 ms)
[ RUN      ] AutomatonIsValidTest.NoState1
[       OK ] AutomatonIsValidTest.NoState1 (1 ms)
[ RUN      ] AutomatonIsValidTest.NoState2
[       OK ] AutomatonIsValidTest.NoState2 (2 ms)
[ RUN      ] AutomatonIsValidTest.NoSymbol1
[       OK ] AutomatonIsValidTest.NoSymbol1 (0 ms)
[ RUN      ] AutomatonIsValidTest.NoSymbol2
[       OK ] AutomatonIsValidTest.NoSymbol2 (1 ms)
[ RUN      ] AutomatonIsValidTest.Valid
[       OK ] AutomatonIsValidTest.Valid (1 ms)
[----------] 6 tests from AutomatonIsValidTest (14 ms total)

[----------] 5 tests from AutomatonAddSymbolTest
[ RUN      ] AutomatonAddSymbolTest.OneSymbol
[       OK ] AutomatonAddSymbolTest.OneSymbol (1 ms)
[ RUN      ] AutomatonAddSymbolTest.TwoSymbols
[       OK ] AutomatonAddSymbolTest.TwoSymbols (2 ms)
[ RUN      ] AutomatonAddSymbolTest.TwoIdenticalSymbols
[       OK ] AutomatonAddSymbolTest.TwoIdenticalSymbols (1 ms)
[ RUN      ] AutomatonAddSymbolTest.Epsilon
[       OK ] AutomatonAddSymbolTest.Epsilon (0 ms)
[ RUN      ] AutomatonAddSymbolTest.IsGraph
[       OK ] AutomatonAddSymbolTest.IsGraph (2 ms)
[----------] 5 tests from AutomatonAddSymbolTest (8 ms total)

[----------] 4 tests from AutomatonRemoveSymbolTest
[ RUN      ] AutomatonRemoveSymbolTest.OneSymbol
[       OK ] AutomatonRemoveSymbolTest.OneSymbol (1 ms)
[ RUN      ] AutomatonRemoveSymbolTest.NoSymbol
[       OK ] AutomatonRemoveSymbolTest.NoSymbol (1 ms)
[ RUN      ] AutomatonRemoveSymbolTest.UnknownSymbol
[       OK ] AutomatonRemoveSymbolTest.UnknownSymbol (1 ms)
[ RUN      ] AutomatonRemoveSymbolTest.SymbolInTransitionGendreau
[       OK ] AutomatonRemoveSymbolTest.SymbolInTransitionGendreau (5 ms)
[----------] 4 tests from AutomatonRemoveSymbolTest (9 ms total)

[----------] 6 tests from AutomatonAddStateTest
[ RUN      ] AutomatonAddStateTest.OneState
[       OK ] AutomatonAddStateTest.OneState (1 ms)
[ RUN      ] AutomatonAddStateTest.TwoStates
[       OK ] AutomatonAddStateTest.TwoStates (1 ms)
[ RUN      ] AutomatonAddStateTest.TwoIdenticalStates
[       OK ] AutomatonAddStateTest.TwoIdenticalStates (1 ms)
[ RUN      ] AutomatonAddStateTest.NegativeStateVillemin
[       OK ] AutomatonAddStateTest.NegativeStateVillemin (1 ms)
[ RUN      ] AutomatonAddStateTest.MaxState
[       OK ] AutomatonAddStateTest.MaxState (1 ms)
[ RUN      ] AutomatonAddStateTest.KeepState
[       OK ] AutomatonAddStateTest.KeepState (4 ms)
[----------] 6 tests from AutomatonAddStateTest (12 ms total)

[----------] 4 tests from AutomatonSetStateInitialTest
[ RUN      ] AutomatonSetStateInitialTest.OneInitialState
[       OK ] AutomatonSetStateInitialTest.OneInitialState (1 ms)
[ RUN      ] AutomatonSetStateInitialTest.TwoInitialStates
[       OK ] AutomatonSetStateInitialTest.TwoInitialStates (1 ms)
[ RUN      ] AutomatonSetStateInitialTest.UnknwonState
[       OK ] AutomatonSetStateInitialTest.UnknwonState (1 ms)
[ RUN      ] AutomatonSetStateInitialTest.ReadEmptyString
[       OK ] AutomatonSetStateInitialTest.ReadEmptyString (4 ms)
[----------] 4 tests from AutomatonSetStateInitialTest (9 ms total)

[----------] 3 tests from AutomatonSetStateFinalTest
[ RUN      ] AutomatonSetStateFinalTest.OneFinalState
[       OK ] AutomatonSetStateFinalTest.OneFinalState (1 ms)
[ RUN      ] AutomatonSetStateFinalTest.TwoFinalStates
[       OK ] AutomatonSetStateFinalTest.TwoFinalStates (1 ms)
[ RUN      ] AutomatonSetStateFinalTest.UnknownState
[       OK ] AutomatonSetStateFinalTest.UnknownState (1 ms)
[----------] 3 tests from AutomatonSetStateFinalTest (4 ms total)

[----------] 10 tests from AutomatonAddTransitionTest
[ RUN      ] AutomatonAddTransitionTest.OneTransition
[       OK ] AutomatonAddTransitionTest.OneTransition (4 ms)
[ RUN      ] AutomatonAddTransitionTest.SameOriginAndLetter
[       OK ] AutomatonAddTransitionTest.SameOriginAndLetter (2 ms)
[ RUN      ] AutomatonAddTransitionTest.SameOriginAndDestination
[       OK ] AutomatonAddTransitionTest.SameOriginAndDestination (3 ms)
[ RUN      ] AutomatonAddTransitionTest.SameLetterAndDestination
[       OK ] AutomatonAddTransitionTest.SameLetterAndDestination (2 ms)
[ RUN      ] AutomatonAddTransitionTest.TwoIdenticalTransitions
[       OK ] AutomatonAddTransitionTest.TwoIdenticalTransitions (2 ms)
[ RUN      ] AutomatonAddTransitionTest.UnknownOrigin
[       OK ] AutomatonAddTransitionTest.UnknownOrigin (1 ms)
[ RUN      ] AutomatonAddTransitionTest.UnknownTarget
[       OK ] AutomatonAddTransitionTest.UnknownTarget (1 ms)
[ RUN      ] AutomatonAddTransitionTest.UnknownSymbol
[       OK ] AutomatonAddTransitionTest.UnknownSymbol (1 ms)
[ RUN      ] AutomatonAddTransitionTest.EpsilonEcoffet
[       OK ] AutomatonAddTransitionTest.EpsilonEcoffet (1 ms)
[ RUN      ] AutomatonAddTransitionTest.EpsilonLeonard
[       OK ] AutomatonAddTransitionTest.EpsilonLeonard (1 ms)
[----------] 10 tests from AutomatonAddTransitionTest (25 ms total)

[----------] 6 tests from AutomatonRemoveStateTest
[ RUN      ] AutomatonRemoveStateTest.OneState
[       OK ] AutomatonRemoveStateTest.OneState (1 ms)
[ RUN      ] AutomatonRemoveStateTest.UnknownState
[       OK ] AutomatonRemoveStateTest.UnknownState (0 ms)
[ RUN      ] AutomatonRemoveStateTest.AllStates
[       OK ] AutomatonRemoveStateTest.AllStates (3 ms)
[ RUN      ] AutomatonRemoveStateTest.OriginInTransition
[       OK ] AutomatonRemoveStateTest.OriginInTransition (3 ms)
[ RUN      ] AutomatonRemoveStateTest.DestinationInTransition
[       OK ] AutomatonRemoveStateTest.DestinationInTransition (2 ms)
[ RUN      ] AutomatonRemoveStateTest.OriginAndDestinationInTransitionConstant
[       OK ] AutomatonRemoveStateTest.OriginAndDestinationInTransitionConstant (2 ms)
[----------] 6 tests from AutomatonRemoveStateTest (14 ms total)

[----------] 4 tests from AutomatonRemoveTransitionTest
[ RUN      ] AutomatonRemoveTransitionTest.OneTransition
[       OK ] AutomatonRemoveTransitionTest.OneTransition (4 ms)
[ RUN      ] AutomatonRemoveTransitionTest.UnknownOrigin
[       OK ] AutomatonRemoveTransitionTest.UnknownOrigin (2 ms)
[ RUN      ] AutomatonRemoveTransitionTest.UnknownTarget
[       OK ] AutomatonRemoveTransitionTest.UnknownTarget (2 ms)
[ RUN      ] AutomatonRemoveTransitionTest.UnknownLetter
[       OK ] AutomatonRemoveTransitionTest.UnknownLetter (2 ms)
[----------] 4 tests from AutomatonRemoveTransitionTest (11 ms total)

[----------] 1 test from AutomatonPrettyPrint
[ RUN      ] AutomatonPrettyPrint.Tramaux

Automaton:
Alphabet: { a b }
States: { 0 1 2 3 4 }
Initial States: { 0 1 }
Final States: { 1 4 }
Transitions:
  0 --a-> 1
  0 --a-> 2
  0 --a-> 3
  1 --b-> 3
  2 --a-> 3
  2 --b-> 4
  3 --a-> 3
  3 --b-> 4
  4 --a-> 4

[       OK ] AutomatonPrettyPrint.Tramaux (6 ms)
[----------] 1 test from AutomatonPrettyPrint (6 ms total)

[----------] 4 tests from AutomatonHasEpsilonTransitionTest
[ RUN      ] AutomatonHasEpsilonTransitionTest.WithoutEpsilon
[       OK ] AutomatonHasEpsilonTransitionTest.WithoutEpsilon (2 ms)
[ RUN      ] AutomatonHasEpsilonTransitionTest.WithEpsilon
[       OK ] AutomatonHasEpsilonTransitionTest.WithEpsilon (2 ms)
[ RUN      ] AutomatonHasEpsilonTransitionTest.Twice
[       OK ] AutomatonHasEpsilonTransitionTest.Twice (2 ms)
[ RUN      ] AutomatonHasEpsilonTransitionTest.AddAndRemove
[       OK ] AutomatonHasEpsilonTransitionTest.AddAndRemove (2 ms)
[----------] 4 tests from AutomatonHasEpsilonTransitionTest (9 ms total)

[----------] 11 tests from AutomatonIsDeterministicTest
[ RUN      ] AutomatonIsDeterministicTest.Good
[       OK ] AutomatonIsDeterministicTest.Good (4 ms)
[ RUN      ] AutomatonIsDeterministicTest.GoodChahat
[       OK ] AutomatonIsDeterministicTest.GoodChahat (5 ms)
[ RUN      ] AutomatonIsDeterministicTest.GoodVillemin
[       OK ] AutomatonIsDeterministicTest.GoodVillemin (2 ms)
[ RUN      ] AutomatonIsDeterministicTest.TwoTransitions
[       OK ] AutomatonIsDeterministicTest.TwoTransitions (2 ms)
[ RUN      ] AutomatonIsDeterministicTest.NotComplete
[       OK ] AutomatonIsDeterministicTest.NotComplete (2 ms)
[ RUN      ] AutomatonIsDeterministicTest.TwoInitialStates
[       OK ] AutomatonIsDeterministicTest.TwoInitialStates (2 ms)
[ RUN      ] AutomatonIsDeterministicTest.ZeroInitialState
[       OK ] AutomatonIsDeterministicTest.ZeroInitialState (1 ms)
[ RUN      ] AutomatonIsDeterministicTest.NoFinalState
[       OK ] AutomatonIsDeterministicTest.NoFinalState (1 ms)
[ RUN      ] AutomatonIsDeterministicTest.Demougin1
[       OK ] AutomatonIsDeterministicTest.Demougin1 (1 ms)
[ RUN      ] AutomatonIsDeterministicTest.NoTransitionMaxel
[       OK ] AutomatonIsDeterministicTest.NoTransitionMaxel (1 ms)
[ RUN      ] AutomatonIsDeterministicTest.ThreeTransitionsGasca
[       OK ] AutomatonIsDeterministicTest.ThreeTransitionsGasca (2 ms)
[----------] 11 tests from AutomatonIsDeterministicTest (29 ms total)

[----------] 6 tests from AutomatonIsCompleteTest
[ RUN      ] AutomatonIsCompleteTest.Good
[       OK ] AutomatonIsCompleteTest.Good (2 ms)
[ RUN      ] AutomatonIsCompleteTest.TwoTransitions
[       OK ] AutomatonIsCompleteTest.TwoTransitions (2 ms)
[ RUN      ] AutomatonIsCompleteTest.ZeroTransition
[       OK ] AutomatonIsCompleteTest.ZeroTransition (2 ms)
[ RUN      ] AutomatonIsCompleteTest.AddedRemovedTransition
[       OK ] AutomatonIsCompleteTest.AddedRemovedTransition (2 ms)
[ RUN      ] AutomatonIsCompleteTest.Villemin
[       OK ] AutomatonIsCompleteTest.Villemin (1 ms)
[ RUN      ] AutomatonIsCompleteTest.Demougin1
[       OK ] AutomatonIsCompleteTest.Demougin1 (6 ms)
[----------] 6 tests from AutomatonIsCompleteTest (17 ms total)

[----------] 6 tests from AutomatonCreateCompleteTest
[ RUN      ] AutomatonCreateCompleteTest.MissingState
[       OK ] AutomatonCreateCompleteTest.MissingState (64 ms)
[ RUN      ] AutomatonCreateCompleteTest.AlreadyComplete
[       OK ] AutomatonCreateCompleteTest.AlreadyComplete (55 ms)
[ RUN      ] AutomatonCreateCompleteTest.Dillon1
[       OK ] AutomatonCreateCompleteTest.Dillon1 (4 ms)
[ RUN      ] AutomatonCreateCompleteTest.Flecy
[       OK ] AutomatonCreateCompleteTest.Flecy (36 ms)
[ RUN      ] AutomatonCreateCompleteTest.Max
[       OK ] AutomatonCreateCompleteTest.Max (111 ms)
[ RUN      ] AutomatonCreateCompleteTest.Garbage
[       OK ] AutomatonCreateCompleteTest.Garbage (47 ms)
[----------] 6 tests from AutomatonCreateCompleteTest (320 ms total)

[----------] 9 tests from AutomatonCreateComplementTest
[ RUN      ] AutomatonCreateComplementTest.Simple
[       OK ] AutomatonCreateComplementTest.Simple (61 ms)
[ RUN      ] AutomatonCreateComplementTest.NonDeterministic
/home/jube/Univ/theorie_des_langages/projet/corr/2023/sandbox/testfa.cc:188: Failure
Expected equality of these values:
  refResult
    Which is: true
  sutResult
    Which is: false
Failure with: 'b'
/home/jube/Univ/theorie_des_langages/projet/corr/2023/sandbox/testfa.cc:114: Failure
Expected: (refResult) != (sutResult), actual: false vs false
Failure with: 'b'
[  FAILED  ] AutomatonCreateComplementTest.NonDeterministic (24 ms)
[ RUN      ] AutomatonCreateComplementTest.UselessState
/home/jube/Univ/theorie_des_langages/projet/corr/2023/sandbox/testfa.cc:188: Failure
Expected equality of these values:
  refResult
    Which is: false
  sutResult
    Which is: true
Failure with: 'a'
/home/jube/Univ/theorie_des_langages/projet/corr/2023/sandbox/testfa.cc:114: Failure
Expected: (refResult) != (sutResult), actual: true vs true
Failure with: 'a'
[  FAILED  ] AutomatonCreateComplementTest.UselessState (4 ms)
[ RUN      ] AutomatonCreateComplementTest.NonCompleteFlecy
/home/jube/Univ/theorie_des_langages/projet/corr/2023/sandbox/testfa.cc:2028: Failure
Value of: complement.isComplete()
  Actual: false
Expected: true
/home/jube/Univ/theorie_des_langages/projet/corr/2023/sandbox/testfa.cc:114: Failure
Expected: (refResult) != (sutResult), actual: false vs false
Failure with: 'a'
[  FAILED  ] AutomatonCreateComplementTest.NonCompleteFlecy (4 ms)
[ RUN      ] AutomatonCreateComplementTest.NonDeterministicMomi
/home/jube/Univ/theorie_des_langages/projet/corr/2023/sandbox/testfa.cc:2055: Failure
Value of: complement.isDeterministic()
  Actual: false
Expected: true
/home/jube/Univ/theorie_des_langages/projet/corr/2023/sandbox/testfa.cc:114: Failure
Expected: (refResult) != (sutResult), actual: true vs true
Failure with: ''
[  FAILED  ] AutomatonCreateComplementTest.NonDeterministicMomi (4 ms)
[ RUN      ] AutomatonCreateComplementTest.NonCompleteMomi
/home/jube/Univ/theorie_des_langages/projet/corr/2023/sandbox/testfa.cc:2083: Failure
Value of: complement.isComplete()
  Actual: false
Expected: true
/home/jube/Univ/theorie_des_langages/projet/corr/2023/sandbox/testfa.cc:114: Failure
Expected: (refResult) != (sutResult), actual: false vs false
Failure with: 'b'
[  FAILED  ] AutomatonCreateComplementTest.NonCompleteMomi (4 ms)
[ RUN      ] AutomatonCreateComplementTest.EmptyLeonard
/home/jube/Univ/theorie_des_langages/projet/corr/2023/sandbox/testfa.cc:2104: Failure
Value of: complement.isComplete()
  Actual: false
Expected: true
/home/jube/Univ/theorie_des_langages/projet/corr/2023/sandbox/testfa.cc:114: Failure
Expected: (refResult) != (sutResult), actual: false vs false
Failure with: 'a'
/home/jube/Univ/theorie_des_langages/projet/corr/2023/sandbox/testfa.cc:188: Failure
Expected equality of these values:
  refResult
    Which is: true
  sutResult
    Which is: false
Failure with: 'a'
[  FAILED  ] AutomatonCreateComplementTest.EmptyLeonard (7 ms)
[ RUN      ] AutomatonCreateComplementTest.EmptyGasca
/home/jube/Univ/theorie_des_langages/projet/corr/2023/sandbox/testfa.cc:2118: Failure
Value of: complement.isDeterministic()
  Actual: false
Expected: true
/home/jube/Univ/theorie_des_langages/projet/corr/2023/sandbox/testfa.cc:2119: Failure
Value of: complement.isComplete()
  Actual: false
Expected: true
/home/jube/Univ/theorie_des_langages/projet/corr/2023/sandbox/testfa.cc:114: Failure
Expected: (refResult) != (sutResult), actual: false vs false
Failure with: ''
/home/jube/Univ/theorie_des_langages/projet/corr/2023/sandbox/testfa.cc:188: Failure
Expected equality of these values:
  refResult
    Which is: true
  sutResult
    Which is: false
Failure with: ''
[  FAILED  ] AutomatonCreateComplementTest.EmptyGasca (5 ms)
[ RUN      ] AutomatonCreateComplementTest.Full
[       OK ] AutomatonCreateComplementTest.Full (87 ms)
[----------] 9 tests from AutomatonCreateComplementTest (206 ms total)

[----------] 4 tests from AutomatonMirror
[ RUN      ] AutomatonMirror.Empty
[       OK ] AutomatonMirror.Empty (13 ms)
[ RUN      ] AutomatonMirror.UnitBerthod
[       OK ] AutomatonMirror.UnitBerthod (14 ms)
[ RUN      ] AutomatonMirror.Simple
[       OK ] AutomatonMirror.Simple (61 ms)
[ RUN      ] AutomatonMirror.InitialFinalState
[       OK ] AutomatonMirror.InitialFinalState (67 ms)
[----------] 4 tests from AutomatonMirror (156 ms total)

[----------] 5 tests from AutomatonMakeTransitionTest
[ RUN      ] AutomatonMakeTransitionTest.Simple
[       OK ] AutomatonMakeTransitionTest.Simple (4 ms)
[ RUN      ] AutomatonMakeTransitionTest.NonDeterministic
[       OK ] AutomatonMakeTransitionTest.NonDeterministic (3 ms)
[ RUN      ] AutomatonMakeTransitionTest.NoTransition
[       OK ] AutomatonMakeTransitionTest.NoTransition (1 ms)
[ RUN      ] AutomatonMakeTransitionTest.NoExistingStateFocheux
[       OK ] AutomatonMakeTransitionTest.NoExistingStateFocheux (2 ms)
[ RUN      ] AutomatonMakeTransitionTest.NoExistingLetter
[       OK ] AutomatonMakeTransitionTest.NoExistingLetter (1 ms)
[----------] 5 tests from AutomatonMakeTransitionTest (13 ms total)

[----------] 5 tests from AutomatonReadStringTest
[ RUN      ] AutomatonReadStringTest.Simple
[       OK ] AutomatonReadStringTest.Simple (8 ms)
[ RUN      ] AutomatonReadStringTest.ManyInitialStates
[       OK ] AutomatonReadStringTest.ManyInitialStates (4 ms)
[ RUN      ] AutomatonReadStringTest.Demougin2
[       OK ] AutomatonReadStringTest.Demougin2 (3 ms)
[ RUN      ] AutomatonReadStringTest.UnknownSymbol
[       OK ] AutomatonReadStringTest.UnknownSymbol (3 ms)
[ RUN      ] AutomatonReadStringTest.InvalidStringMaxel
[       OK ] AutomatonReadStringTest.InvalidStringMaxel (3 ms)
[----------] 5 tests from AutomatonReadStringTest (23 ms total)

[----------] 3 tests from AutomatonMatchTest
[ RUN      ] AutomatonMatchTest.Simple
[       OK ] AutomatonMatchTest.Simple (3 ms)
[ RUN      ] AutomatonMatchTest.ManyInitialStates
[       OK ] AutomatonMatchTest.ManyInitialStates (2 ms)
[ RUN      ] AutomatonMatchTest.ExponentialGuillemot
[       OK ] AutomatonMatchTest.ExponentialGuillemot (3 ms)
[----------] 3 tests from AutomatonMatchTest (10 ms total)

[----------] 5 tests from AutomatonIsEmptyTest
[ RUN      ] AutomatonIsEmptyTest.NotEmpty
[       OK ] AutomatonIsEmptyTest.NotEmpty (2 ms)
[ RUN      ] AutomatonIsEmptyTest.Empty
[       OK ] AutomatonIsEmptyTest.Empty (2 ms)
[ RUN      ] AutomatonIsEmptyTest.UnitLanguage
[       OK ] AutomatonIsEmptyTest.UnitLanguage (2 ms)
[ RUN      ] AutomatonIsEmptyTest.TwoPartsGuillemot
[       OK ] AutomatonIsEmptyTest.TwoPartsGuillemot (2 ms)
[ RUN      ] AutomatonIsEmptyTest.NoEarlyReturnNegar
[       OK ] AutomatonIsEmptyTest.NoEarlyReturnNegar (2 ms)
[----------] 5 tests from AutomatonIsEmptyTest (11 ms total)

[----------] 6 tests from AutomatonRemoveNonAccessibleStatesTest
[ RUN      ] AutomatonRemoveNonAccessibleStatesTest.Present
[       OK ] AutomatonRemoveNonAccessibleStatesTest.Present (6 ms)
[ RUN      ] AutomatonRemoveNonAccessibleStatesTest.NotPresent
[       OK ] AutomatonRemoveNonAccessibleStatesTest.NotPresent (2 ms)
[ RUN      ] AutomatonRemoveNonAccessibleStatesTest.NoInitialState
/home/jube/Univ/theorie_des_langages/projet/corr/2023/sandbox/testfa.cc:2805: Failure
Value of: initialStates.empty()
  Actual: true
Expected: false
[  FAILED  ] AutomatonRemoveNonAccessibleStatesTest.NoInitialState (9 ms)
[ RUN      ] AutomatonRemoveNonAccessibleStatesTest.Demougin1
[       OK ] AutomatonRemoveNonAccessibleStatesTest.Demougin1 (4 ms)
[ RUN      ] AutomatonRemoveNonAccessibleStatesTest.Demougin2
[       OK ] AutomatonRemoveNonAccessibleStatesTest.Demougin2 (2 ms)
[ RUN      ] AutomatonRemoveNonAccessibleStatesTest.NoFinalState
[       OK ] AutomatonRemoveNonAccessibleStatesTest.NoFinalState (14 ms)
[----------] 6 tests from AutomatonRemoveNonAccessibleStatesTest (38 ms total)

[----------] 6 tests from AutomatonRemoveNonCoAccessibleStatesTest
[ RUN      ] AutomatonRemoveNonCoAccessibleStatesTest.Present
state to remove 10
[       OK ] AutomatonRemoveNonCoAccessibleStatesTest.Present (9 ms)
[ RUN      ] AutomatonRemoveNonCoAccessibleStatesTest.NotPresent
[       OK ] AutomatonRemoveNonCoAccessibleStatesTest.NotPresent (2 ms)
[ RUN      ] AutomatonRemoveNonCoAccessibleStatesTest.NoFinalState
state to remove 7
state to remove 10
state to remove 13
[       OK ] AutomatonRemoveNonCoAccessibleStatesTest.NoFinalState (8 ms)
[ RUN      ] AutomatonRemoveNonCoAccessibleStatesTest.Maillard
[       OK ] AutomatonRemoveNonCoAccessibleStatesTest.Maillard (3 ms)
[ RUN      ] AutomatonRemoveNonCoAccessibleStatesTest.Demougin1
state to remove 16
state to remove 16
[       OK ] AutomatonRemoveNonCoAccessibleStatesTest.Demougin1 (4 ms)
[ RUN      ] AutomatonRemoveNonCoAccessibleStatesTest.NoInitialState
state to remove 10
[       OK ] AutomatonRemoveNonCoAccessibleStatesTest.NoInitialState (8 ms)
[----------] 6 tests from AutomatonRemoveNonCoAccessibleStatesTest (37 ms total)

[----------] 7 tests from AutomatonCreateIntersectionTest
[ RUN      ] AutomatonCreateIntersectionTest.Different
[       OK ] AutomatonCreateIntersectionTest.Different (94 ms)
[ RUN      ] AutomatonCreateIntersectionTest.Same
[       OK ] AutomatonCreateIntersectionTest.Same (60 ms)
[ RUN      ] AutomatonCreateIntersectionTest.WithEmpty
[       OK ] AutomatonCreateIntersectionTest.WithEmpty (4 ms)
[ RUN      ] AutomatonCreateIntersectionTest.ManyInitialStates
[       OK ] AutomatonCreateIntersectionTest.ManyInitialStates (97 ms)
[ RUN      ] AutomatonCreateIntersectionTest.NonDeterministic
[       OK ] AutomatonCreateIntersectionTest.NonDeterministic (162 ms)
[ RUN      ] AutomatonCreateIntersectionTest.Demougin2
[       OK ] AutomatonCreateIntersectionTest.Demougin2 (18 ms)
[ RUN      ] AutomatonCreateIntersectionTest.DifferentSymbolsPoguet
/home/jube/Univ/theorie_des_langages/projet/corr/2023/sandbox/testfa.cc:3385: Failure
Value of: product.match("")
  Actual: false
Expected: true
[  FAILED  ] AutomatonCreateIntersectionTest.DifferentSymbolsPoguet (4 ms)
[----------] 7 tests from AutomatonCreateIntersectionTest (443 ms total)

[----------] 2 tests from AutomatonHasEmptyIntersectionWithTest
[ RUN      ] AutomatonHasEmptyIntersectionWithTest.NotEmpty
[       OK ] AutomatonHasEmptyIntersectionWithTest.NotEmpty (4 ms)
[ RUN      ] AutomatonHasEmptyIntersectionWithTest.Empty
[       OK ] AutomatonHasEmptyIntersectionWithTest.Empty (3 ms)
[----------] 2 tests from AutomatonHasEmptyIntersectionWithTest (8 ms total)

[----------] 8 tests from AutomatonCreateDeterministicTest
[ RUN      ] AutomatonCreateDeterministicTest.MultipleTransitions
[       OK ] AutomatonCreateDeterministicTest.MultipleTransitions (82 ms)
[ RUN      ] AutomatonCreateDeterministicTest.TwoInitialStates
[       OK ] AutomatonCreateDeterministicTest.TwoInitialStates (59 ms)
[ RUN      ] AutomatonCreateDeterministicTest.Exponential
[       OK ] AutomatonCreateDeterministicTest.Exponential (128 ms)
[ RUN      ] AutomatonCreateDeterministicTest.AlreadyDeterministic
[       OK ] AutomatonCreateDeterministicTest.AlreadyDeterministic (57 ms)
[ RUN      ] AutomatonCreateDeterministicTest.Empty
[       OK ] AutomatonCreateDeterministicTest.Empty (10 ms)
[ RUN      ] AutomatonCreateDeterministicTest.NoInitialState
[       OK ] AutomatonCreateDeterministicTest.NoInitialState (14 ms)
[ RUN      ] AutomatonCreateDeterministicTest.NoFinalState
[       OK ] AutomatonCreateDeterministicTest.NoFinalState (97 ms)
[ RUN      ] AutomatonCreateDeterministicTest.InitialFinalJeandenansLionnet
[       OK ] AutomatonCreateDeterministicTest.InitialFinalJeandenansLionnet (38 ms)
[----------] 8 tests from AutomatonCreateDeterministicTest (489 ms total)

[----------] 8 tests from AutomatonIsIncludedInTest
[ RUN      ] AutomatonIsIncludedInTest.Same
complement

Automaton:
Alphabet: { a b }
States: { 7 10 }
Initial States: { 7 }
Final States: { 7 }
Transitions:
  7 --a-> 10
  10 --a-> 10
  10 --b-> 10

intersection

Automaton:
Alphabet: { a b }
States: { 0 1 2 3 }
Initial States: { 0 }
Final States: { 2 }
Transitions:
  0 --a-> 3
  1 --a-> 3
  2 --a-> 3
  3 --a-> 3
  3 --b-> 3

intersection
 empty ? 1
[       OK ] AutomatonIsIncludedInTest.Same (3 ms)
[ RUN      ] AutomatonIsIncludedInTest.False
complement

Automaton:
Alphabet: { a b }
States: { 7 10 }
Initial States: { 7 }
Final States: { 7 }
Transitions:
  7 --a-> 7
  7 --b-> 10
  10 --a-> 7
  10 --b-> 10

intersection

Automaton:
Alphabet: { a b }
States: { 0 1 2 3 }
Initial States: { 0 }
Final States: { 2 }
Transitions:
  0 --a-> 2
  1 --a-> 2
  2 --a-> 2
  2 --b-> 3
  3 --a-> 2
  3 --b-> 3

intersection
 empty ? 0
complement

Automaton:
Alphabet: { a b }
States: { 7 10 }
Initial States: { 7 }
Final States: { 7 }
Transitions:
  7 --a-> 10
  10 --a-> 10
  10 --b-> 10

intersection

Automaton:
Alphabet: { a b }
States: { 0 1 2 3 }
Initial States: { 0 }
Final States: { 2 }
Transitions:
  0 --a-> 1
  1 --a-> 1
  1 --b-> 3
  2 --a-> 1
  3 --a-> 1
  3 --b-> 3

intersection
 empty ? 1
/home/jube/Univ/theorie_des_langages/projet/corr/2023/sandbox/testfa.cc:3838: Failure
Value of: fa2.isIncludedIn(fa1)
  Actual: true
Expected: false
[  FAILED  ] AutomatonIsIncludedInTest.False (4 ms)
[ RUN      ] AutomatonIsIncludedInTest.True
complement

Automaton:
Alphabet: { a b }
States: { 7 10 13 }
Initial States: { 7 }
Final States: { 7 10 }
Transitions:
  7 --a-> 10
  10 --a-> 13
  13 --a-> 13
  13 --b-> 13

intersection

Automaton:
Alphabet: { a b }
States: { 0 1 2 3 4 5 }
Initial States: { 0 }
Final States: { 3 4 }
Transitions:
  0 --a-> 4
  1 --a-> 5
  2 --a-> 5
  3 --a-> 4
  4 --a-> 5
  5 --a-> 5
  5 --b-> 5

intersection
 empty ? 0
complement

Automaton:
Alphabet: { a b }
States: { 7 10 }
Initial States: { 7 }
Final States: { 7 }
Transitions:
  7 --a-> 10
  10 --a-> 10
  10 --b-> 10

intersection

Automaton:
Alphabet: { a b }
States: { 0 1 2 3 4 5 }
Initial States: { 0 }
Final States: { 4 }
Transitions:
  0 --a-> 3
  1 --a-> 3
  2 --a-> 5
  3 --a-> 5
  4 --a-> 5
  5 --a-> 5
  5 --b-> 5

intersection
 empty ? 1
[       OK ] AutomatonIsIncludedInTest.True (4 ms)
[ RUN      ] AutomatonIsIncludedInTest.DifferentSymbolsSmolinski
complement

Automaton:
Alphabet: { c }
States: { 0 }
Initial States: { 0 }
Final States: { }
Transitions:

intersection

Automaton:
Alphabet: { a }
States: { 0 }
Initial States: { }
Final States: { }
Transitions:

intersection
 empty ? 1
/home/jube/Univ/theorie_des_langages/projet/corr/2023/sandbox/testfa.cc:3893: Failure
Value of: fa2.isIncludedIn(fa1)
  Actual: true
Expected: false
complement

Automaton:
Alphabet: { a b }
States: { 0 }
Initial States: { 0 }
Final States: { }
Transitions:
  0 --a-> 0
  0 --b-> 0

intersection

Automaton:
Alphabet: { a }
States: { 0 }
Initial States: { }
Final States: { }
Transitions:

intersection
 empty ? 1
[  FAILED  ] AutomatonIsIncludedInTest.DifferentSymbolsSmolinski (3 ms)
[ RUN      ] AutomatonIsIncludedInTest.Royer
complement

Automaton:
Alphabet: { a }
States: { 0 1 }
Initial States: { 0 }
Final States: { 0 }
Transitions:
  0 --a-> 1

intersection

Automaton:
Alphabet: { a b c d }
States: { 0 1 2 3 }
Initial States: { 0 }
Final States: { 2 }
Transitions:
  0 --a-> 3

intersection
 empty ? 1
complement

Automaton:
Alphabet: { a }
States: { 0 1 }
Initial States: { 0 }
Final States: { 0 }
Transitions:
  0 --a-> 1

intersection

Automaton:
Alphabet: { a b c d }
States: { 0 1 2 3 4 5 6 7 }
Initial States: { 0 }
Final States: { 6 }
Transitions:
  0 --a-> 3
  2 --a-> 3

intersection
 empty ? 1
/home/jube/Univ/theorie_des_langages/projet/corr/2023/sandbox/testfa.cc:3988: Failure
Value of: fa1.isIncludedIn(fa2)
  Actual: true
Expected: false
complement

Automaton:
Alphabet: { a }
States: { 0 1 }
Initial States: { 0 }
Final States: { 0 }
Transitions:
  0 --a-> 1

intersection

Automaton:
Alphabet: { a b c d }
States: { 0 1 2 3 4 5 6 7 }
Initial States: { 0 }
Final States: { 6 }
Transitions:
  0 --a-> 3
  2 --a-> 3

intersection
 empty ? 1
/home/jube/Univ/theorie_des_langages/projet/corr/2023/sandbox/testfa.cc:4011: Failure
Value of: fa3.isIncludedIn(fa2)
  Actual: true
Expected: false
[  FAILED  ] AutomatonIsIncludedInTest.Royer (8 ms)
[ RUN      ] AutomatonIsIncludedInTest.DifferentSymbolsLionnet
complement

Automaton:
Alphabet: { a b }
States: { 7 10 13 }
Initial States: { 7 }
Final States: { 13 }
Transitions:
  7 --a-> 10
  7 --b-> 13
  10 --a-> 10
  13 --a-> 13
  13 --b-> 13

intersection

Automaton:
Alphabet: { a b c }
States: { 0 1 2 3 4 5 6 7 8 }
Initial States: { 0 }
Final States: { 2 5 8 }
Transitions:
  0 --a-> 4
  1 --a-> 4
  2 --a-> 5
  3 --a-> 4
  4 --a-> 4
  5 --a-> 5

intersection
 empty ? 1
/home/jube/Univ/theorie_des_langages/projet/corr/2023/sandbox/testfa.cc:4052: Failure
Value of: fa2.isIncludedIn(fa1)
  Actual: true
Expected: false
complement

Automaton:
Alphabet: { a c }
States: { 7 10 13 }
Initial States: { 7 }
Final States: { }
Transitions:
  7 --a-> 10
  7 --c-> 13
  10 --a-> 10
  13 --c-> 13

intersection

Automaton:
Alphabet: { a b c }
States: { 0 1 2 3 4 5 6 7 8 }
Initial States: { 0 }
Final States: { }
Transitions:
  0 --a-> 4
  1 --a-> 4
  3 --a-> 4
  4 --a-> 4
  6 --a-> 7
  7 --a-> 7

intersection
 empty ? 1
[  FAILED  ] AutomatonIsIncludedInTest.DifferentSymbolsLionnet (5 ms)
[ RUN      ] AutomatonIsIncludedInTest.EmptyInEmpty
A n'est pas déterministe
complement

Automaton:
Alphabet: { c d }
States: { 7 }
Initial States: { 7 }
Final States: { 7 }
Transitions:

intersection

Automaton:
Alphabet: { a }
States: { 0 }
Initial States: { }
Final States: { }
Transitions:

intersection
 empty ? 1
B n'est pas déterministe
complement

Automaton:
Alphabet: { a b }
States: { 0 }
Initial States: { 0 }
Final States: { 0 }
Transitions:

intersection

Automaton:
Alphabet: { a }
States: { 0 }
Initial States: { }
Final States: { }
Transitions:

intersection
 empty ? 1
[       OK ] AutomatonIsIncludedInTest.EmptyInEmpty (3 ms)
[ RUN      ] AutomatonIsIncludedInTest.MagicGasca
B n'est pas déterministe
complement

Automaton:
Alphabet: { a }
States: { 0 1 }
Initial States: { 0 }
Final States: { 0 }
Transitions:
  0 --a-> 1
  1 --a-> 1

intersection

Automaton:
Alphabet: { a b }
States: { 0 1 2 3 }
Initial States: { 0 }
Final States: { 2 }
Transitions:
  0 --a-> 3
  1 --a-> 3

intersection
 empty ? 1
/home/jube/Univ/theorie_des_langages/projet/corr/2023/sandbox/testfa.cc:4103: Failure
Value of: fa1.isIncludedIn(fa2)
  Actual: true
Expected: false
[  FAILED  ] AutomatonIsIncludedInTest.MagicGasca (3 ms)
[----------] 8 tests from AutomatonIsIncludedInTest (37 ms total)

[----------] 12 tests from AutomatonCreateMinimalMooreTest
[ RUN      ] AutomatonCreateMinimalMooreTest.AlreadyMinimal1
/home/jube/Univ/theorie_des_langages/projet/corr/2023/sandbox/testfa.cc:4227: Failure
Expected equality of these values:
  minimal.countStates()
    Which is: 1
  6u
    Which is: 6
/home/jube/Univ/theorie_des_langages/projet/corr/2023/sandbox/testfa.cc:91: Failure
Expected equality of these values:
  refResult
    Which is: false
  sutResult
    Which is: true
Failure with: ''
[  FAILED  ] AutomatonCreateMinimalMooreTest.AlreadyMinimal1 (18 ms)
[ RUN      ] AutomatonCreateMinimalMooreTest.AlreadyMinimal2
Killed
