-- The CXX compiler identification is GNU 12.2.0
-- The C compiler identification is GNU 12.2.0
-- Detecting CXX compiler ABI info
-- Detecting CXX compiler ABI info - done
-- Check for working CXX compiler: /usr/bin/c++ - skipped
-- Detecting CXX compile features
-- Detecting CXX compile features - done
-- Detecting C compiler ABI info
-- Detecting C compiler ABI info - done
-- Check for working C compiler: /usr/bin/cc - skipped
-- Detecting C compile features
-- Detecting C compile features - done
-- Performing Test CMAKE_HAVE_LIBC_PTHREAD
-- Performing Test CMAKE_HAVE_LIBC_PTHREAD - Success
-- Found Threads: TRUE  
-- Configuring done
-- Generating done
-- Build files have been written to: /home/jube/Univ/theorie_des_langages/projet/corr/2023/sandbox/build
[ 25%] Building CXX object CMakeFiles/testfa.dir/Automaton.cc.o
/home/jube/Univ/theorie_des_langages/projet/corr/2023/sandbox/Automaton.cc: In member function ‘bool fa::Automaton::isIncludedIn(const fa::Automaton&) const’:
/home/jube/Univ/theorie_des_langages/projet/corr/2023/sandbox/Automaton.cc:843:49: warning: unused parameter ‘other’ [-Wunused-parameter]
  843 |   bool Automaton::isIncludedIn(const Automaton &other) const
      |                                ~~~~~~~~~~~~~~~~~^~~~~
/home/jube/Univ/theorie_des_langages/projet/corr/2023/sandbox/Automaton.cc: In static member function ‘static fa::Automaton fa::Automaton::createMinimalMoore(const fa::Automaton&)’:
/home/jube/Univ/theorie_des_langages/projet/corr/2023/sandbox/Automaton.cc:922:60: warning: unused parameter ‘other’ [-Wunused-parameter]
  922 |   Automaton Automaton::createMinimalMoore(const Automaton &other) {
      |                                           ~~~~~~~~~~~~~~~~~^~~~~
/home/jube/Univ/theorie_des_langages/projet/corr/2023/sandbox/Automaton.cc: In static member function ‘static fa::Automaton fa::Automaton::createMinimalBrzozowski(const fa::Automaton&)’:
/home/jube/Univ/theorie_des_langages/projet/corr/2023/sandbox/Automaton.cc:929:65: warning: unused parameter ‘other’ [-Wunused-parameter]
  929 |   Automaton Automaton::createMinimalBrzozowski(const Automaton &other)
      |                                                ~~~~~~~~~~~~~~~~~^~~~~
[ 50%] Building CXX object CMakeFiles/testfa.dir/testfa.cc.o
[ 75%] Building CXX object CMakeFiles/testfa.dir/googletest/googletest/src/gtest-all.cc.o
[100%] Linking CXX executable testfa
[100%] Built target testfa
==252724== Memcheck, a memory error detector
==252724== Copyright (C) 2002-2022, and GNU GPL'd, by Julian Seward et al.
==252724== Using Valgrind-3.19.0 and LibVEX; rerun with -h for copyright info
==252724== Command: ./testfa
==252724== 
[==========] Running 174 tests from 30 test suites.
[----------] Global test environment set-up.
[----------] 6 tests from AutomatonIsValidTest
[ RUN      ] AutomatonIsValidTest.Default
[       OK ] AutomatonIsValidTest.Default (3 ms)
[ RUN      ] AutomatonIsValidTest.NoState1
[       OK ] AutomatonIsValidTest.NoState1 (1 ms)
[ RUN      ] AutomatonIsValidTest.NoState2
[       OK ] AutomatonIsValidTest.NoState2 (2 ms)
[ RUN      ] AutomatonIsValidTest.NoSymbol1
[       OK ] AutomatonIsValidTest.NoSymbol1 (0 ms)
[ RUN      ] AutomatonIsValidTest.NoSymbol2
[       OK ] AutomatonIsValidTest.NoSymbol2 (1 ms)
[ RUN      ] AutomatonIsValidTest.Valid
[       OK ] AutomatonIsValidTest.Valid (1 ms)
[----------] 6 tests from AutomatonIsValidTest (14 ms total)

[----------] 5 tests from AutomatonAddSymbolTest
[ RUN      ] AutomatonAddSymbolTest.OneSymbol
[       OK ] AutomatonAddSymbolTest.OneSymbol (1 ms)
[ RUN      ] AutomatonAddSymbolTest.TwoSymbols
[       OK ] AutomatonAddSymbolTest.TwoSymbols (2 ms)
[ RUN      ] AutomatonAddSymbolTest.TwoIdenticalSymbols
[       OK ] AutomatonAddSymbolTest.TwoIdenticalSymbols (1 ms)
[ RUN      ] AutomatonAddSymbolTest.Epsilon
[       OK ] AutomatonAddSymbolTest.Epsilon (0 ms)
[ RUN      ] AutomatonAddSymbolTest.IsGraph
/home/jube/Univ/theorie_des_langages/projet/corr/2023/sandbox/testfa.cc:349: Failure
Expected equality of these values:
  fa.addSymbol(c)
    Which is: true
  std::isgraph(c) != 0
    Which is: false
/home/jube/Univ/theorie_des_langages/projet/corr/2023/sandbox/testfa.cc:349: Failure
Expected equality of these values:
  fa.addSymbol(c)
    Which is: true
  std::isgraph(c) != 0
    Which is: false
/home/jube/Univ/theorie_des_langages/projet/corr/2023/sandbox/testfa.cc:349: Failure
Expected equality of these values:
  fa.addSymbol(c)
    Which is: true
  std::isgraph(c) != 0
    Which is: false
/home/jube/Univ/theorie_des_langages/projet/corr/2023/sandbox/testfa.cc:349: Failure
Expected equality of these values:
  fa.addSymbol(c)
    Which is: true
  std::isgraph(c) != 0
    Which is: false
/home/jube/Univ/theorie_des_langages/projet/corr/2023/sandbox/testfa.cc:349: Failure
Expected equality of these values:
  fa.addSymbol(c)
    Which is: true
  std::isgraph(c) != 0
    Which is: false
/home/jube/Univ/theorie_des_langages/projet/corr/2023/sandbox/testfa.cc:349: Failure
Expected equality of these values:
  fa.addSymbol(c)
    Which is: true
  std::isgraph(c) != 0
    Which is: false
/home/jube/Univ/theorie_des_langages/projet/corr/2023/sandbox/testfa.cc:349: Failure
Expected equality of these values:
  fa.addSymbol(c)
    Which is: true
  std::isgraph(c) != 0
    Which is: false
/home/jube/Univ/theorie_des_langages/projet/corr/2023/sandbox/testfa.cc:349: Failure
Expected equality of these values:
  fa.addSymbol(c)
    Which is: true
  std::isgraph(c) != 0
    Which is: false
/home/jube/Univ/theorie_des_langages/projet/corr/2023/sandbox/testfa.cc:349: Failure
Expected equality of these values:
  fa.addSymbol(c)
    Which is: true
  std::isgraph(c) != 0
    Which is: false
/home/jube/Univ/theorie_des_langages/projet/corr/2023/sandbox/testfa.cc:349: Failure
Expected equality of these values:
  fa.addSymbol(c)
    Which is: true
  std::isgraph(c) != 0
    Which is: false
/home/jube/Univ/theorie_des_langages/projet/corr/2023/sandbox/testfa.cc:349: Failure
Expected equality of these values:
  fa.addSymbol(c)
    Which is: true
  std::isgraph(c) != 0
    Which is: false
/home/jube/Univ/theorie_des_langages/projet/corr/2023/sandbox/testfa.cc:349: Failure
Expected equality of these values:
  fa.addSymbol(c)
    Which is: true
  std::isgraph(c) != 0
    Which is: false
/home/jube/Univ/theorie_des_langages/projet/corr/2023/sandbox/testfa.cc:349: Failure
Expected equality of these values:
  fa.addSymbol(c)
    Which is: true
  std::isgraph(c) != 0
    Which is: false
/home/jube/Univ/theorie_des_langages/projet/corr/2023/sandbox/testfa.cc:349: Failure
Expected equality of these values:
  fa.addSymbol(c)
    Which is: true
  std::isgraph(c) != 0
    Which is: false
/home/jube/Univ/theorie_des_langages/projet/corr/2023/sandbox/testfa.cc:349: Failure
Expected equality of these values:
  fa.addSymbol(c)
    Which is: true
  std::isgraph(c) != 0
    Which is: false
/home/jube/Univ/theorie_des_langages/projet/corr/2023/sandbox/testfa.cc:349: Failure
Expected equality of these values:
  fa.addSymbol(c)
    Which is: true
  std::isgraph(c) != 0
    Which is: false
/home/jube/Univ/theorie_des_langages/projet/corr/2023/sandbox/testfa.cc:349: Failure
Expected equality of these values:
  fa.addSymbol(c)
    Which is: true
  std::isgraph(c) != 0
    Which is: false
/home/jube/Univ/theorie_des_langages/projet/corr/2023/sandbox/testfa.cc:349: Failure
Expected equality of these values:
  fa.addSymbol(c)
    Which is: true
  std::isgraph(c) != 0
    Which is: false
/home/jube/Univ/theorie_des_langages/projet/corr/2023/sandbox/testfa.cc:349: Failure
Expected equality of these values:
  fa.addSymbol(c)
    Which is: true
  std::isgraph(c) != 0
    Which is: false
/home/jube/Univ/theorie_des_langages/projet/corr/2023/sandbox/testfa.cc:349: Failure
Expected equality of these values:
  fa.addSymbol(c)
    Which is: true
  std::isgraph(c) != 0
    Which is: false
/home/jube/Univ/theorie_des_langages/projet/corr/2023/sandbox/testfa.cc:349: Failure
Expected equality of these values:
  fa.addSymbol(c)
    Which is: true
  std::isgraph(c) != 0
    Which is: false
/home/jube/Univ/theorie_des_langages/projet/corr/2023/sandbox/testfa.cc:349: Failure
Expected equality of these values:
  fa.addSymbol(c)
    Which is: true
  std::isgraph(c) != 0
    Which is: false
/home/jube/Univ/theorie_des_langages/projet/corr/2023/sandbox/testfa.cc:349: Failure
Expected equality of these values:
  fa.addSymbol(c)
    Which is: true
  std::isgraph(c) != 0
    Which is: false
/home/jube/Univ/theorie_des_langages/projet/corr/2023/sandbox/testfa.cc:349: Failure
Expected equality of these values:
  fa.addSymbol(c)
    Which is: true
  std::isgraph(c) != 0
    Which is: false
/home/jube/Univ/theorie_des_langages/projet/corr/2023/sandbox/testfa.cc:349: Failure
Expected equality of these values:
  fa.addSymbol(c)
    Which is: true
  std::isgraph(c) != 0
    Which is: false
/home/jube/Univ/theorie_des_langages/projet/corr/2023/sandbox/testfa.cc:349: Failure
Expected equality of these values:
  fa.addSymbol(c)
    Which is: true
  std::isgraph(c) != 0
    Which is: false
/home/jube/Univ/theorie_des_langages/projet/corr/2023/sandbox/testfa.cc:349: Failure
Expected equality of these values:
  fa.addSymbol(c)
    Which is: true
  std::isgraph(c) != 0
    Which is: false
/home/jube/Univ/theorie_des_langages/projet/corr/2023/sandbox/testfa.cc:349: Failure
Expected equality of these values:
  fa.addSymbol(c)
    Which is: true
  std::isgraph(c) != 0
    Which is: false
/home/jube/Univ/theorie_des_langages/projet/corr/2023/sandbox/testfa.cc:349: Failure
Expected equality of these values:
  fa.addSymbol(c)
    Which is: true
  std::isgraph(c) != 0
    Which is: false
/home/jube/Univ/theorie_des_langages/projet/corr/2023/sandbox/testfa.cc:349: Failure
Expected equality of these values:
  fa.addSymbol(c)
    Which is: true
  std::isgraph(c) != 0
    Which is: false
/home/jube/Univ/theorie_des_langages/projet/corr/2023/sandbox/testfa.cc:349: Failure
Expected equality of these values:
  fa.addSymbol(c)
    Which is: true
  std::isgraph(c) != 0
    Which is: false
/home/jube/Univ/theorie_des_langages/projet/corr/2023/sandbox/testfa.cc:349: Failure
Expected equality of these values:
  fa.addSymbol(c)
    Which is: true
  std::isgraph(c) != 0
    Which is: false
/home/jube/Univ/theorie_des_langages/projet/corr/2023/sandbox/testfa.cc:349: Failure
Expected equality of these values:
  fa.addSymbol(c)
    Which is: true
  std::isgraph(c) != 0
    Which is: false
[  FAILED  ] AutomatonAddSymbolTest.IsGraph (26 ms)
[----------] 5 tests from AutomatonAddSymbolTest (33 ms total)

[----------] 4 tests from AutomatonRemoveSymbolTest
[ RUN      ] AutomatonRemoveSymbolTest.OneSymbol
[       OK ] AutomatonRemoveSymbolTest.OneSymbol (1 ms)
[ RUN      ] AutomatonRemoveSymbolTest.NoSymbol
[       OK ] AutomatonRemoveSymbolTest.NoSymbol (1 ms)
[ RUN      ] AutomatonRemoveSymbolTest.UnknownSymbol
[       OK ] AutomatonRemoveSymbolTest.UnknownSymbol (1 ms)
[ RUN      ] AutomatonRemoveSymbolTest.SymbolInTransitionGendreau
/home/jube/Univ/theorie_des_langages/projet/corr/2023/sandbox/testfa.cc:418: Failure
Value of: fa.hasTransition(0_id, 'a', 0_id)
  Actual: true
Expected: false
[  FAILED  ] AutomatonRemoveSymbolTest.SymbolInTransitionGendreau (6 ms)
[----------] 4 tests from AutomatonRemoveSymbolTest (11 ms total)

[----------] 6 tests from AutomatonAddStateTest
[ RUN      ] AutomatonAddStateTest.OneState
[       OK ] AutomatonAddStateTest.OneState (1 ms)
[ RUN      ] AutomatonAddStateTest.TwoStates
[       OK ] AutomatonAddStateTest.TwoStates (2 ms)
[ RUN      ] AutomatonAddStateTest.TwoIdenticalStates
[       OK ] AutomatonAddStateTest.TwoIdenticalStates (1 ms)
[ RUN      ] AutomatonAddStateTest.NegativeStateVillemin
/home/jube/Univ/theorie_des_langages/projet/corr/2023/sandbox/testfa.cc:479: Failure
Value of: s1
  Actual: true
Expected: false
/home/jube/Univ/theorie_des_langages/projet/corr/2023/sandbox/testfa.cc:480: Failure
Value of: fa.hasState(-1)
  Actual: true
Expected: false
/home/jube/Univ/theorie_des_langages/projet/corr/2023/sandbox/testfa.cc:481: Failure
Expected equality of these values:
  fa.countStates()
    Which is: 1
  0u
    Which is: 0
[  FAILED  ] AutomatonAddStateTest.NegativeStateVillemin (7 ms)
[ RUN      ] AutomatonAddStateTest.MaxState
[       OK ] AutomatonAddStateTest.MaxState (1 ms)
[ RUN      ] AutomatonAddStateTest.KeepState
[       OK ] AutomatonAddStateTest.KeepState (4 ms)
[----------] 6 tests from AutomatonAddStateTest (19 ms total)

[----------] 4 tests from AutomatonSetStateInitialTest
[ RUN      ] AutomatonSetStateInitialTest.OneInitialState
[       OK ] AutomatonSetStateInitialTest.OneInitialState (1 ms)
[ RUN      ] AutomatonSetStateInitialTest.TwoInitialStates
[       OK ] AutomatonSetStateInitialTest.TwoInitialStates (1 ms)
[ RUN      ] AutomatonSetStateInitialTest.UnknwonState
[       OK ] AutomatonSetStateInitialTest.UnknwonState (1 ms)
[ RUN      ] AutomatonSetStateInitialTest.ReadEmptyString
[       OK ] AutomatonSetStateInitialTest.ReadEmptyString (4 ms)
[----------] 4 tests from AutomatonSetStateInitialTest (9 ms total)

[----------] 3 tests from AutomatonSetStateFinalTest
[ RUN      ] AutomatonSetStateFinalTest.OneFinalState
[       OK ] AutomatonSetStateFinalTest.OneFinalState (1 ms)
[ RUN      ] AutomatonSetStateFinalTest.TwoFinalStates
[       OK ] AutomatonSetStateFinalTest.TwoFinalStates (1 ms)
[ RUN      ] AutomatonSetStateFinalTest.UnknownState
[       OK ] AutomatonSetStateFinalTest.UnknownState (1 ms)
[----------] 3 tests from AutomatonSetStateFinalTest (5 ms total)

[----------] 10 tests from AutomatonAddTransitionTest
[ RUN      ] AutomatonAddTransitionTest.OneTransition
[       OK ] AutomatonAddTransitionTest.OneTransition (3 ms)
[ RUN      ] AutomatonAddTransitionTest.SameOriginAndLetter
[       OK ] AutomatonAddTransitionTest.SameOriginAndLetter (2 ms)
[ RUN      ] AutomatonAddTransitionTest.SameOriginAndDestination
[       OK ] AutomatonAddTransitionTest.SameOriginAndDestination (3 ms)
[ RUN      ] AutomatonAddTransitionTest.SameLetterAndDestination
[       OK ] AutomatonAddTransitionTest.SameLetterAndDestination (2 ms)
[ RUN      ] AutomatonAddTransitionTest.TwoIdenticalTransitions
[       OK ] AutomatonAddTransitionTest.TwoIdenticalTransitions (2 ms)
[ RUN      ] AutomatonAddTransitionTest.UnknownOrigin
[       OK ] AutomatonAddTransitionTest.UnknownOrigin (1 ms)
[ RUN      ] AutomatonAddTransitionTest.UnknownTarget
[       OK ] AutomatonAddTransitionTest.UnknownTarget (1 ms)
[ RUN      ] AutomatonAddTransitionTest.UnknownSymbol
[       OK ] AutomatonAddTransitionTest.UnknownSymbol (1 ms)
[ RUN      ] AutomatonAddTransitionTest.EpsilonEcoffet
[       OK ] AutomatonAddTransitionTest.EpsilonEcoffet (2 ms)
[ RUN      ] AutomatonAddTransitionTest.EpsilonLeonard
[       OK ] AutomatonAddTransitionTest.EpsilonLeonard (1 ms)
[----------] 10 tests from AutomatonAddTransitionTest (25 ms total)

[----------] 6 tests from AutomatonRemoveStateTest
[ RUN      ] AutomatonRemoveStateTest.OneState
[       OK ] AutomatonRemoveStateTest.OneState (1 ms)
[ RUN      ] AutomatonRemoveStateTest.UnknownState
[       OK ] AutomatonRemoveStateTest.UnknownState (0 ms)
[ RUN      ] AutomatonRemoveStateTest.AllStates
[       OK ] AutomatonRemoveStateTest.AllStates (3 ms)
[ RUN      ] AutomatonRemoveStateTest.OriginInTransition
/home/jube/Univ/theorie_des_langages/projet/corr/2023/sandbox/testfa.cc:954: Failure
Expected equality of these values:
  fa.countTransitions()
    Which is: 2
  1u
    Which is: 1
[  FAILED  ] AutomatonRemoveStateTest.OriginInTransition (4 ms)
[ RUN      ] AutomatonRemoveStateTest.DestinationInTransition
/home/jube/Univ/theorie_des_langages/projet/corr/2023/sandbox/testfa.cc:981: Failure
Expected equality of these values:
  fa.countTransitions()
    Which is: 2
  1u
    Which is: 1
[  FAILED  ] AutomatonRemoveStateTest.DestinationInTransition (3 ms)
[ RUN      ] AutomatonRemoveStateTest.OriginAndDestinationInTransitionConstant
[       OK ] AutomatonRemoveStateTest.OriginAndDestinationInTransitionConstant (3 ms)
[----------] 6 tests from AutomatonRemoveStateTest (17 ms total)

[----------] 4 tests from AutomatonRemoveTransitionTest
[ RUN      ] AutomatonRemoveTransitionTest.OneTransition
[       OK ] AutomatonRemoveTransitionTest.OneTransition (4 ms)
[ RUN      ] AutomatonRemoveTransitionTest.UnknownOrigin
[       OK ] AutomatonRemoveTransitionTest.UnknownOrigin (2 ms)
[ RUN      ] AutomatonRemoveTransitionTest.UnknownTarget
[       OK ] AutomatonRemoveTransitionTest.UnknownTarget (2 ms)
[ RUN      ] AutomatonRemoveTransitionTest.UnknownLetter
[       OK ] AutomatonRemoveTransitionTest.UnknownLetter (2 ms)
[----------] 4 tests from AutomatonRemoveTransitionTest (12 ms total)

[----------] 1 test from AutomatonPrettyPrint
[ RUN      ] AutomatonPrettyPrint.Tramaux

Automaton:
Alphabet: { a b }
States: { 0 1 2 3 4 }
Initial States: { 0 1 }
Final States: { 1 4 }
Transitions:
  0 --a-> 1
  0 --a-> 2
  0 --a-> 3
  1 --b-> 3
  2 --a-> 3
  2 --b-> 4
  3 --a-> 3
  3 --b-> 4
  4 --a-> 4

[       OK ] AutomatonPrettyPrint.Tramaux (6 ms)
[----------] 1 test from AutomatonPrettyPrint (7 ms total)

[----------] 4 tests from AutomatonHasEpsilonTransitionTest
[ RUN      ] AutomatonHasEpsilonTransitionTest.WithoutEpsilon
[       OK ] AutomatonHasEpsilonTransitionTest.WithoutEpsilon (2 ms)
[ RUN      ] AutomatonHasEpsilonTransitionTest.WithEpsilon
[       OK ] AutomatonHasEpsilonTransitionTest.WithEpsilon (2 ms)
[ RUN      ] AutomatonHasEpsilonTransitionTest.Twice
[       OK ] AutomatonHasEpsilonTransitionTest.Twice (2 ms)
[ RUN      ] AutomatonHasEpsilonTransitionTest.AddAndRemove
[       OK ] AutomatonHasEpsilonTransitionTest.AddAndRemove (3 ms)
[----------] 4 tests from AutomatonHasEpsilonTransitionTest (10 ms total)

[----------] 11 tests from AutomatonIsDeterministicTest
[ RUN      ] AutomatonIsDeterministicTest.Good
[       OK ] AutomatonIsDeterministicTest.Good (4 ms)
[ RUN      ] AutomatonIsDeterministicTest.GoodChahat
[       OK ] AutomatonIsDeterministicTest.GoodChahat (6 ms)
[ RUN      ] AutomatonIsDeterministicTest.GoodVillemin
[       OK ] AutomatonIsDeterministicTest.GoodVillemin (3 ms)
[ RUN      ] AutomatonIsDeterministicTest.TwoTransitions
[       OK ] AutomatonIsDeterministicTest.TwoTransitions (2 ms)
[ RUN      ] AutomatonIsDeterministicTest.NotComplete
[       OK ] AutomatonIsDeterministicTest.NotComplete (2 ms)
[ RUN      ] AutomatonIsDeterministicTest.TwoInitialStates
[       OK ] AutomatonIsDeterministicTest.TwoInitialStates (2 ms)
[ RUN      ] AutomatonIsDeterministicTest.ZeroInitialState
[       OK ] AutomatonIsDeterministicTest.ZeroInitialState (2 ms)
[ RUN      ] AutomatonIsDeterministicTest.NoFinalState
[       OK ] AutomatonIsDeterministicTest.NoFinalState (1 ms)
[ RUN      ] AutomatonIsDeterministicTest.Demougin1
[       OK ] AutomatonIsDeterministicTest.Demougin1 (1 ms)
[ RUN      ] AutomatonIsDeterministicTest.NoTransitionMaxel
[       OK ] AutomatonIsDeterministicTest.NoTransitionMaxel (1 ms)
[ RUN      ] AutomatonIsDeterministicTest.ThreeTransitionsGasca
[       OK ] AutomatonIsDeterministicTest.ThreeTransitionsGasca (2 ms)
[----------] 11 tests from AutomatonIsDeterministicTest (30 ms total)

[----------] 6 tests from AutomatonIsCompleteTest
[ RUN      ] AutomatonIsCompleteTest.Good
[       OK ] AutomatonIsCompleteTest.Good (2 ms)
[ RUN      ] AutomatonIsCompleteTest.TwoTransitions
[       OK ] AutomatonIsCompleteTest.TwoTransitions (2 ms)
[ RUN      ] AutomatonIsCompleteTest.ZeroTransition
[       OK ] AutomatonIsCompleteTest.ZeroTransition (2 ms)
[ RUN      ] AutomatonIsCompleteTest.AddedRemovedTransition
[       OK ] AutomatonIsCompleteTest.AddedRemovedTransition (2 ms)
[ RUN      ] AutomatonIsCompleteTest.Villemin
[       OK ] AutomatonIsCompleteTest.Villemin (1 ms)
[ RUN      ] AutomatonIsCompleteTest.Demougin1
[       OK ] AutomatonIsCompleteTest.Demougin1 (6 ms)
[----------] 6 tests from AutomatonIsCompleteTest (17 ms total)

[----------] 6 tests from AutomatonCreateCompleteTest
[ RUN      ] AutomatonCreateCompleteTest.MissingState
[       OK ] AutomatonCreateCompleteTest.MissingState (67 ms)
[ RUN      ] AutomatonCreateCompleteTest.AlreadyComplete
[       OK ] AutomatonCreateCompleteTest.AlreadyComplete (58 ms)
[ RUN      ] AutomatonCreateCompleteTest.Dillon1
[       OK ] AutomatonCreateCompleteTest.Dillon1 (4 ms)
[ RUN      ] AutomatonCreateCompleteTest.Flecy
[       OK ] AutomatonCreateCompleteTest.Flecy (44 ms)
[ RUN      ] AutomatonCreateCompleteTest.Max
[       OK ] AutomatonCreateCompleteTest.Max (107 ms)
[ RUN      ] AutomatonCreateCompleteTest.Garbage
[       OK ] AutomatonCreateCompleteTest.Garbage (45 ms)
[----------] 6 tests from AutomatonCreateCompleteTest (329 ms total)

[----------] 9 tests from AutomatonCreateComplementTest
[ RUN      ] AutomatonCreateComplementTest.Simple
/home/jube/Univ/theorie_des_langages/projet/corr/2023/sandbox/testfa.cc:1952: Failure
Value of: complement.isComplete()
  Actual: false
Expected: true
/home/jube/Univ/theorie_des_langages/projet/corr/2023/sandbox/testfa.cc:114: Failure
Expected: (refResult) != (sutResult), actual: false vs false
Failure with: 'a'
[  FAILED  ] AutomatonCreateComplementTest.Simple (12 ms)
[ RUN      ] AutomatonCreateComplementTest.NonDeterministic
/home/jube/Univ/theorie_des_langages/projet/corr/2023/sandbox/testfa.cc:188: Failure
Expected equality of these values:
  refResult
    Which is: true
  sutResult
    Which is: false
Failure with: 'b'
/home/jube/Univ/theorie_des_langages/projet/corr/2023/sandbox/testfa.cc:114: Failure
Expected: (refResult) != (sutResult), actual: false vs false
Failure with: 'b'
[  FAILED  ] AutomatonCreateComplementTest.NonDeterministic (5 ms)
[ RUN      ] AutomatonCreateComplementTest.UselessState
/home/jube/Univ/theorie_des_langages/projet/corr/2023/sandbox/testfa.cc:188: Failure
Expected equality of these values:
  refResult
    Which is: true
  sutResult
    Which is: false
Failure with: 'b'
/home/jube/Univ/theorie_des_langages/projet/corr/2023/sandbox/testfa.cc:114: Failure
Expected: (refResult) != (sutResult), actual: false vs false
Failure with: 'b'
[  FAILED  ] AutomatonCreateComplementTest.UselessState (5 ms)
[ RUN      ] AutomatonCreateComplementTest.NonCompleteFlecy
/home/jube/Univ/theorie_des_langages/projet/corr/2023/sandbox/testfa.cc:2028: Failure
Value of: complement.isComplete()
  Actual: false
Expected: true
/home/jube/Univ/theorie_des_langages/projet/corr/2023/sandbox/testfa.cc:114: Failure
Expected: (refResult) != (sutResult), actual: false vs false
Failure with: 'a'
[  FAILED  ] AutomatonCreateComplementTest.NonCompleteFlecy (4 ms)
[ RUN      ] AutomatonCreateComplementTest.NonDeterministicMomi
/home/jube/Univ/theorie_des_langages/projet/corr/2023/sandbox/testfa.cc:2055: Failure
Value of: complement.isDeterministic()
  Actual: false
Expected: true
/home/jube/Univ/theorie_des_langages/projet/corr/2023/sandbox/testfa.cc:2056: Failure
Value of: complement.isComplete()
  Actual: false
Expected: true
/home/jube/Univ/theorie_des_langages/projet/corr/2023/sandbox/testfa.cc:114: Failure
Expected: (refResult) != (sutResult), actual: true vs true
Failure with: ''
[  FAILED  ] AutomatonCreateComplementTest.NonDeterministicMomi (5 ms)
[ RUN      ] AutomatonCreateComplementTest.NonCompleteMomi
/home/jube/Univ/theorie_des_langages/projet/corr/2023/sandbox/testfa.cc:2083: Failure
Value of: complement.isComplete()
  Actual: false
Expected: true
/home/jube/Univ/theorie_des_langages/projet/corr/2023/sandbox/testfa.cc:114: Failure
Expected: (refResult) != (sutResult), actual: false vs false
Failure with: 'b'
[  FAILED  ] AutomatonCreateComplementTest.NonCompleteMomi (4 ms)
[ RUN      ] AutomatonCreateComplementTest.EmptyLeonard
/home/jube/Univ/theorie_des_langages/projet/corr/2023/sandbox/testfa.cc:2104: Failure
Value of: complement.isComplete()
  Actual: false
Expected: true
/home/jube/Univ/theorie_des_langages/projet/corr/2023/sandbox/testfa.cc:114: Failure
Expected: (refResult) != (sutResult), actual: false vs false
Failure with: 'a'
/home/jube/Univ/theorie_des_langages/projet/corr/2023/sandbox/testfa.cc:188: Failure
Expected equality of these values:
  refResult
    Which is: true
  sutResult
    Which is: false
Failure with: 'a'
[  FAILED  ] AutomatonCreateComplementTest.EmptyLeonard (7 ms)
[ RUN      ] AutomatonCreateComplementTest.EmptyGasca
/home/jube/Univ/theorie_des_langages/projet/corr/2023/sandbox/testfa.cc:2118: Failure
Value of: complement.isDeterministic()
  Actual: false
Expected: true
/home/jube/Univ/theorie_des_langages/projet/corr/2023/sandbox/testfa.cc:2119: Failure
Value of: complement.isComplete()
  Actual: false
Expected: true
/home/jube/Univ/theorie_des_langages/projet/corr/2023/sandbox/testfa.cc:114: Failure
Expected: (refResult) != (sutResult), actual: false vs false
Failure with: ''
/home/jube/Univ/theorie_des_langages/projet/corr/2023/sandbox/testfa.cc:188: Failure
Expected equality of these values:
  refResult
    Which is: true
  sutResult
    Which is: false
Failure with: ''
[  FAILED  ] AutomatonCreateComplementTest.EmptyGasca (5 ms)
[ RUN      ] AutomatonCreateComplementTest.Full
/home/jube/Univ/theorie_des_langages/projet/corr/2023/sandbox/testfa.cc:2141: Failure
Value of: complement.isComplete()
  Actual: false
Expected: true
[  FAILED  ] AutomatonCreateComplementTest.Full (48 ms)
[----------] 9 tests from AutomatonCreateComplementTest (97 ms total)

[----------] 4 tests from AutomatonMirror
[ RUN      ] AutomatonMirror.Empty
[       OK ] AutomatonMirror.Empty (13 ms)
[ RUN      ] AutomatonMirror.UnitBerthod
[       OK ] AutomatonMirror.UnitBerthod (17 ms)
[ RUN      ] AutomatonMirror.Simple
[       OK ] AutomatonMirror.Simple (62 ms)
[ RUN      ] AutomatonMirror.InitialFinalState
[       OK ] AutomatonMirror.InitialFinalState (62 ms)
[----------] 4 tests from AutomatonMirror (156 ms total)

[----------] 5 tests from AutomatonMakeTransitionTest
[ RUN      ] AutomatonMakeTransitionTest.Simple
[       OK ] AutomatonMakeTransitionTest.Simple (4 ms)
[ RUN      ] AutomatonMakeTransitionTest.NonDeterministic
[       OK ] AutomatonMakeTransitionTest.NonDeterministic (3 ms)
[ RUN      ] AutomatonMakeTransitionTest.NoTransition
[       OK ] AutomatonMakeTransitionTest.NoTransition (1 ms)
[ RUN      ] AutomatonMakeTransitionTest.NoExistingStateFocheux
[       OK ] AutomatonMakeTransitionTest.NoExistingStateFocheux (1 ms)
[ RUN      ] AutomatonMakeTransitionTest.NoExistingLetter
[       OK ] AutomatonMakeTransitionTest.NoExistingLetter (1 ms)
[----------] 5 tests from AutomatonMakeTransitionTest (13 ms total)

[----------] 5 tests from AutomatonReadStringTest
[ RUN      ] AutomatonReadStringTest.Simple
[       OK ] AutomatonReadStringTest.Simple (8 ms)
[ RUN      ] AutomatonReadStringTest.ManyInitialStates
[       OK ] AutomatonReadStringTest.ManyInitialStates (4 ms)
[ RUN      ] AutomatonReadStringTest.Demougin2
[       OK ] AutomatonReadStringTest.Demougin2 (3 ms)
[ RUN      ] AutomatonReadStringTest.UnknownSymbol
[       OK ] AutomatonReadStringTest.UnknownSymbol (3 ms)
[ RUN      ] AutomatonReadStringTest.InvalidStringMaxel
[       OK ] AutomatonReadStringTest.InvalidStringMaxel (3 ms)
[----------] 5 tests from AutomatonReadStringTest (23 ms total)

[----------] 3 tests from AutomatonMatchTest
[ RUN      ] AutomatonMatchTest.Simple
[       OK ] AutomatonMatchTest.Simple (3 ms)
[ RUN      ] AutomatonMatchTest.ManyInitialStates
[       OK ] AutomatonMatchTest.ManyInitialStates (2 ms)
[ RUN      ] AutomatonMatchTest.ExponentialGuillemot
[       OK ] AutomatonMatchTest.ExponentialGuillemot (3 ms)
[----------] 3 tests from AutomatonMatchTest (10 ms total)

[----------] 5 tests from AutomatonIsEmptyTest
[ RUN      ] AutomatonIsEmptyTest.NotEmpty
[       OK ] AutomatonIsEmptyTest.NotEmpty (3 ms)
[ RUN      ] AutomatonIsEmptyTest.Empty
[       OK ] AutomatonIsEmptyTest.Empty (2 ms)
[ RUN      ] AutomatonIsEmptyTest.UnitLanguage
[       OK ] AutomatonIsEmptyTest.UnitLanguage (2 ms)
[ RUN      ] AutomatonIsEmptyTest.TwoPartsGuillemot
[       OK ] AutomatonIsEmptyTest.TwoPartsGuillemot (2 ms)
[ RUN      ] AutomatonIsEmptyTest.NoEarlyReturnNegar
[       OK ] AutomatonIsEmptyTest.NoEarlyReturnNegar (2 ms)
[----------] 5 tests from AutomatonIsEmptyTest (11 ms total)

[----------] 6 tests from AutomatonRemoveNonAccessibleStatesTest
[ RUN      ] AutomatonRemoveNonAccessibleStatesTest.Present
[       OK ] AutomatonRemoveNonAccessibleStatesTest.Present (5 ms)
[ RUN      ] AutomatonRemoveNonAccessibleStatesTest.NotPresent
[       OK ] AutomatonRemoveNonAccessibleStatesTest.NotPresent (2 ms)
[ RUN      ] AutomatonRemoveNonAccessibleStatesTest.NoInitialState
/home/jube/Univ/theorie_des_langages/projet/corr/2023/sandbox/testfa.cc:2795: Failure
Value of: fa.isValid()
  Actual: false
Expected: true
testfa: /home/jube/Univ/theorie_des_langages/projet/corr/2023/sandbox/Automaton.cc:540: bool fa::Automaton::match(const std::string&) const: Assertion `isValid()' failed.
==252724== 
==252724== Process terminating with default action of signal 6 (SIGABRT): dumping core
==252724==    at 0x4C18D3C: __pthread_kill_implementation (pthread_kill.c:44)
==252724==    by 0x4BC9F31: raise (raise.c:26)
==252724==    by 0x4BB4471: abort (abort.c:79)
==252724==    by 0x4BB4394: __assert_fail_base.cold (assert.c:92)
==252724==    by 0x4BC2E31: __assert_fail (assert.c:101)
==252724==    by 0x13CCBE: fa::Automaton::match(std::__cxx11::basic_string<char, std::char_traits<char>, std::allocator<char> > const&) const (Automaton.cc:540)
==252724==    by 0x158040: void (anonymous namespace)::checkAutomatonWithFunction<(anonymous namespace)::checkEmpty(fa::Automaton const&, std::__cxx11::basic_string<char, std::char_traits<char>, std::allocator<char> > const&, std::mersenne_twister_engine<unsigned long, 32ul, 624ul, 397ul, 31ul, 2567483615ul, 11ul, 4294967295ul, 7ul, 2636928640ul, 15ul, 4022730752ul, 18ul, 1812433253ul>&)::{lambda(std::__cxx11::basic_string<char, std::char_traits<char>, std::allocator<char> > const&)#1}>((anonymous namespace)::checkEmpty(fa::Automaton const&, std::__cxx11::basic_string<char, std::char_traits<char>, std::allocator<char> > const&, std::mersenne_twister_engine<unsigned long, 32ul, 624ul, 397ul, 31ul, 2567483615ul, 11ul, 4294967295ul, 7ul, 2636928640ul, 15ul, 4022730752ul, 18ul, 1812433253ul>&)::{lambda(std::__cxx11::basic_string<char, std::char_traits<char>, std::allocator<char> > const&)#1}, fa::Automaton const&, std::__cxx11::basic_string<char, std::char_traits<char>, std::allocator<char> > const&, std::mersenne_twister_engine<unsigned long, 32ul, 624ul, 397ul, 31ul, 2567483615ul, 11ul, 4294967295ul, 7ul, 2636928640ul, 15ul, 4022730752ul, 18ul, 1812433253ul>&) [clone .constprop.0] (testfa.cc:187)
==252724==    by 0x168882: checkEmpty (testfa.cc:204)
==252724==    by 0x168882: AutomatonRemoveNonAccessibleStatesTest_NoInitialState_Test::TestBody() (testfa.cc:2797)
==252724==    by 0x1BD56E: HandleSehExceptionsInMethodIfSupported<testing::Test, void> (gtest.cc:2631)
==252724==    by 0x1BD56E: void testing::internal::HandleExceptionsInMethodIfSupported<testing::Test, void>(testing::Test*, void (testing::Test::*)(), char const*) (gtest.cc:2667)
==252724==    by 0x1AF7B5: Run (gtest.cc:2706)
==252724==    by 0x1AF7B5: testing::Test::Run() (gtest.cc:2696)
==252724==    by 0x1AF9B4: testing::TestInfo::Run() [clone .part.0] (gtest.cc:2885)
==252724==    by 0x1AFB8A: Run (gtest.cc:2858)
==252724==    by 0x1AFB8A: testing::TestSuite::Run() [clone .part.0] (gtest.cc:3039)
==252724== 
==252724== HEAP SUMMARY:
==252724==     in use at exit: 184,268 bytes in 1,088 blocks
==252724==   total heap usage: 245,568 allocs, 244,480 frees, 10,419,841 bytes allocated
==252724== 
==252724== LEAK SUMMARY:
==252724==    definitely lost: 0 bytes in 0 blocks
==252724==    indirectly lost: 0 bytes in 0 blocks
==252724==      possibly lost: 0 bytes in 0 blocks
==252724==    still reachable: 184,268 bytes in 1,088 blocks
==252724==         suppressed: 0 bytes in 0 blocks
==252724== Rerun with --leak-check=full to see details of leaked memory
==252724== 
==252724== For lists of detected and suppressed errors, rerun with: -s
==252724== ERROR SUMMARY: 0 errors from 0 contexts (suppressed: 0 from 0)
timeout: la commande surveillée a renvoyé un core dump
Aborted
