-- The CXX compiler identification is GNU 12.2.0
-- The C compiler identification is GNU 12.2.0
-- Detecting CXX compiler ABI info
-- Detecting CXX compiler ABI info - done
-- Check for working CXX compiler: /usr/bin/c++ - skipped
-- Detecting CXX compile features
-- Detecting CXX compile features - done
-- Detecting C compiler ABI info
-- Detecting C compiler ABI info - done
-- Check for working C compiler: /usr/bin/cc - skipped
-- Detecting C compile features
-- Detecting C compile features - done
-- Performing Test CMAKE_HAVE_LIBC_PTHREAD
-- Performing Test CMAKE_HAVE_LIBC_PTHREAD - Success
-- Found Threads: TRUE  
-- Configuring done
-- Generating done
-- Build files have been written to: /home/jube/Univ/theorie_des_langages/projet/corr/2023/sandbox/build
[ 25%] Building CXX object CMakeFiles/testfa.dir/Automaton.cc.o
[ 50%] Building CXX object CMakeFiles/testfa.dir/testfa.cc.o
[ 75%] Building CXX object CMakeFiles/testfa.dir/googletest/googletest/src/gtest-all.cc.o
[100%] Linking CXX executable testfa
[100%] Built target testfa
==18867== Memcheck, a memory error detector
==18867== Copyright (C) 2002-2022, and GNU GPL'd, by Julian Seward et al.
==18867== Using Valgrind-3.19.0 and LibVEX; rerun with -h for copyright info
==18867== Command: ./testfa
==18867== 
[==========] Running 175 tests from 30 test suites.
[----------] Global test environment set-up.
[----------] 6 tests from AutomatonIsValidTest
[ RUN      ] AutomatonIsValidTest.Default
[       OK ] AutomatonIsValidTest.Default (3 ms)
[ RUN      ] AutomatonIsValidTest.NoState1
[       OK ] AutomatonIsValidTest.NoState1 (1 ms)
[ RUN      ] AutomatonIsValidTest.NoState2
[       OK ] AutomatonIsValidTest.NoState2 (2 ms)
[ RUN      ] AutomatonIsValidTest.NoSymbol1
[       OK ] AutomatonIsValidTest.NoSymbol1 (0 ms)
[ RUN      ] AutomatonIsValidTest.NoSymbol2
[       OK ] AutomatonIsValidTest.NoSymbol2 (1 ms)
[ RUN      ] AutomatonIsValidTest.Valid
[       OK ] AutomatonIsValidTest.Valid (1 ms)
[----------] 6 tests from AutomatonIsValidTest (13 ms total)

[----------] 5 tests from AutomatonAddSymbolTest
[ RUN      ] AutomatonAddSymbolTest.OneSymbol
[       OK ] AutomatonAddSymbolTest.OneSymbol (1 ms)
[ RUN      ] AutomatonAddSymbolTest.TwoSymbols
[       OK ] AutomatonAddSymbolTest.TwoSymbols (1 ms)
[ RUN      ] AutomatonAddSymbolTest.TwoIdenticalSymbols
[       OK ] AutomatonAddSymbolTest.TwoIdenticalSymbols (1 ms)
[ RUN      ] AutomatonAddSymbolTest.Epsilon
[       OK ] AutomatonAddSymbolTest.Epsilon (0 ms)
[ RUN      ] AutomatonAddSymbolTest.IsGraph
[       OK ] AutomatonAddSymbolTest.IsGraph (2 ms)
[----------] 5 tests from AutomatonAddSymbolTest (8 ms total)

[----------] 4 tests from AutomatonRemoveSymbolTest
[ RUN      ] AutomatonRemoveSymbolTest.OneSymbol
[       OK ] AutomatonRemoveSymbolTest.OneSymbol (1 ms)
[ RUN      ] AutomatonRemoveSymbolTest.NoSymbol
[       OK ] AutomatonRemoveSymbolTest.NoSymbol (1 ms)
[ RUN      ] AutomatonRemoveSymbolTest.UnknownSymbol
[       OK ] AutomatonRemoveSymbolTest.UnknownSymbol (1 ms)
[ RUN      ] AutomatonRemoveSymbolTest.SymbolInTransitionGendreau
[       OK ] AutomatonRemoveSymbolTest.SymbolInTransitionGendreau (5 ms)
[----------] 4 tests from AutomatonRemoveSymbolTest (9 ms total)

[----------] 6 tests from AutomatonAddStateTest
[ RUN      ] AutomatonAddStateTest.OneState
[       OK ] AutomatonAddStateTest.OneState (1 ms)
[ RUN      ] AutomatonAddStateTest.TwoStates
[       OK ] AutomatonAddStateTest.TwoStates (1 ms)
[ RUN      ] AutomatonAddStateTest.TwoIdenticalStates
[       OK ] AutomatonAddStateTest.TwoIdenticalStates (1 ms)
[ RUN      ] AutomatonAddStateTest.NegativeStateVillemin
[       OK ] AutomatonAddStateTest.NegativeStateVillemin (1 ms)
[ RUN      ] AutomatonAddStateTest.MaxState
[       OK ] AutomatonAddStateTest.MaxState (1 ms)
[ RUN      ] AutomatonAddStateTest.KeepState
[       OK ] AutomatonAddStateTest.KeepState (4 ms)
[----------] 6 tests from AutomatonAddStateTest (12 ms total)

[----------] 4 tests from AutomatonSetStateInitialTest
[ RUN      ] AutomatonSetStateInitialTest.OneInitialState
[       OK ] AutomatonSetStateInitialTest.OneInitialState (1 ms)
[ RUN      ] AutomatonSetStateInitialTest.TwoInitialStates
[       OK ] AutomatonSetStateInitialTest.TwoInitialStates (1 ms)
[ RUN      ] AutomatonSetStateInitialTest.UnknwonState
[       OK ] AutomatonSetStateInitialTest.UnknwonState (1 ms)
[ RUN      ] AutomatonSetStateInitialTest.ReadEmptyString
[       OK ] AutomatonSetStateInitialTest.ReadEmptyString (3 ms)
[----------] 4 tests from AutomatonSetStateInitialTest (8 ms total)

[----------] 3 tests from AutomatonSetStateFinalTest
[ RUN      ] AutomatonSetStateFinalTest.OneFinalState
[       OK ] AutomatonSetStateFinalTest.OneFinalState (1 ms)
[ RUN      ] AutomatonSetStateFinalTest.TwoFinalStates
[       OK ] AutomatonSetStateFinalTest.TwoFinalStates (1 ms)
[ RUN      ] AutomatonSetStateFinalTest.UnknownState
[       OK ] AutomatonSetStateFinalTest.UnknownState (1 ms)
[----------] 3 tests from AutomatonSetStateFinalTest (4 ms total)

[----------] 10 tests from AutomatonAddTransitionTest
[ RUN      ] AutomatonAddTransitionTest.OneTransition
[       OK ] AutomatonAddTransitionTest.OneTransition (4 ms)
[ RUN      ] AutomatonAddTransitionTest.SameOriginAndLetter
[       OK ] AutomatonAddTransitionTest.SameOriginAndLetter (2 ms)
[ RUN      ] AutomatonAddTransitionTest.SameOriginAndDestination
[       OK ] AutomatonAddTransitionTest.SameOriginAndDestination (3 ms)
[ RUN      ] AutomatonAddTransitionTest.SameLetterAndDestination
[       OK ] AutomatonAddTransitionTest.SameLetterAndDestination (2 ms)
[ RUN      ] AutomatonAddTransitionTest.TwoIdenticalTransitions
[       OK ] AutomatonAddTransitionTest.TwoIdenticalTransitions (2 ms)
[ RUN      ] AutomatonAddTransitionTest.UnknownOrigin
[       OK ] AutomatonAddTransitionTest.UnknownOrigin (1 ms)
[ RUN      ] AutomatonAddTransitionTest.UnknownTarget
[       OK ] AutomatonAddTransitionTest.UnknownTarget (1 ms)
[ RUN      ] AutomatonAddTransitionTest.UnknownSymbol
[       OK ] AutomatonAddTransitionTest.UnknownSymbol (1 ms)
[ RUN      ] AutomatonAddTransitionTest.EpsilonEcoffet
[       OK ] AutomatonAddTransitionTest.EpsilonEcoffet (1 ms)
[ RUN      ] AutomatonAddTransitionTest.EpsilonLeonard
[       OK ] AutomatonAddTransitionTest.EpsilonLeonard (1 ms)
[----------] 10 tests from AutomatonAddTransitionTest (24 ms total)

[----------] 6 tests from AutomatonRemoveStateTest
[ RUN      ] AutomatonRemoveStateTest.OneState
[       OK ] AutomatonRemoveStateTest.OneState (1 ms)
[ RUN      ] AutomatonRemoveStateTest.UnknownState
[       OK ] AutomatonRemoveStateTest.UnknownState (0 ms)
[ RUN      ] AutomatonRemoveStateTest.AllStates
[       OK ] AutomatonRemoveStateTest.AllStates (2 ms)
[ RUN      ] AutomatonRemoveStateTest.OriginInTransition
[       OK ] AutomatonRemoveStateTest.OriginInTransition (3 ms)
[ RUN      ] AutomatonRemoveStateTest.DestinationInTransition
[       OK ] AutomatonRemoveStateTest.DestinationInTransition (2 ms)
[ RUN      ] AutomatonRemoveStateTest.OriginAndDestinationInTransitionConstant
[       OK ] AutomatonRemoveStateTest.OriginAndDestinationInTransitionConstant (2 ms)
[----------] 6 tests from AutomatonRemoveStateTest (13 ms total)

[----------] 4 tests from AutomatonRemoveTransitionTest
[ RUN      ] AutomatonRemoveTransitionTest.OneTransition
[       OK ] AutomatonRemoveTransitionTest.OneTransition (3 ms)
[ RUN      ] AutomatonRemoveTransitionTest.UnknownOrigin
[       OK ] AutomatonRemoveTransitionTest.UnknownOrigin (2 ms)
[ RUN      ] AutomatonRemoveTransitionTest.UnknownTarget
[       OK ] AutomatonRemoveTransitionTest.UnknownTarget (2 ms)
[ RUN      ] AutomatonRemoveTransitionTest.UnknownLetter
[       OK ] AutomatonRemoveTransitionTest.UnknownLetter (2 ms)
[----------] 4 tests from AutomatonRemoveTransitionTest (11 ms total)

[----------] 1 test from AutomatonPrettyPrint
[ RUN      ] AutomatonPrettyPrint.Tramaux

Automaton:
Alphabet: { a b }
States: { 0 1 2 3 4 }
Initial States: { 0 1 }
Final States: { 1 4 }
Transitions:
  0 --a-> 1
  0 --a-> 2
  0 --a-> 3
  1 --b-> 3
  2 --a-> 3
  2 --b-> 4
  3 --a-> 3
  3 --b-> 4
  4 --a-> 4

[       OK ] AutomatonPrettyPrint.Tramaux (6 ms)
[----------] 1 test from AutomatonPrettyPrint (6 ms total)

[----------] 4 tests from AutomatonHasEpsilonTransitionTest
[ RUN      ] AutomatonHasEpsilonTransitionTest.WithoutEpsilon
[       OK ] AutomatonHasEpsilonTransitionTest.WithoutEpsilon (2 ms)
[ RUN      ] AutomatonHasEpsilonTransitionTest.WithEpsilon
[       OK ] AutomatonHasEpsilonTransitionTest.WithEpsilon (2 ms)
[ RUN      ] AutomatonHasEpsilonTransitionTest.Twice
[       OK ] AutomatonHasEpsilonTransitionTest.Twice (1 ms)
[ RUN      ] AutomatonHasEpsilonTransitionTest.AddAndRemove
[       OK ] AutomatonHasEpsilonTransitionTest.AddAndRemove (2 ms)
[----------] 4 tests from AutomatonHasEpsilonTransitionTest (9 ms total)

[----------] 11 tests from AutomatonIsDeterministicTest
[ RUN      ] AutomatonIsDeterministicTest.Good
[       OK ] AutomatonIsDeterministicTest.Good (4 ms)
[ RUN      ] AutomatonIsDeterministicTest.GoodChahat
[       OK ] AutomatonIsDeterministicTest.GoodChahat (5 ms)
[ RUN      ] AutomatonIsDeterministicTest.GoodVillemin
[       OK ] AutomatonIsDeterministicTest.GoodVillemin (2 ms)
[ RUN      ] AutomatonIsDeterministicTest.TwoTransitions
[       OK ] AutomatonIsDeterministicTest.TwoTransitions (2 ms)
[ RUN      ] AutomatonIsDeterministicTest.NotComplete
[       OK ] AutomatonIsDeterministicTest.NotComplete (1 ms)
[ RUN      ] AutomatonIsDeterministicTest.TwoInitialStates
[       OK ] AutomatonIsDeterministicTest.TwoInitialStates (2 ms)
[ RUN      ] AutomatonIsDeterministicTest.ZeroInitialState
[       OK ] AutomatonIsDeterministicTest.ZeroInitialState (1 ms)
[ RUN      ] AutomatonIsDeterministicTest.NoFinalState
[       OK ] AutomatonIsDeterministicTest.NoFinalState (1 ms)
[ RUN      ] AutomatonIsDeterministicTest.Demougin1
[       OK ] AutomatonIsDeterministicTest.Demougin1 (1 ms)
[ RUN      ] AutomatonIsDeterministicTest.NoTransitionMaxel
[       OK ] AutomatonIsDeterministicTest.NoTransitionMaxel (1 ms)
[ RUN      ] AutomatonIsDeterministicTest.ThreeTransitionsGasca
[       OK ] AutomatonIsDeterministicTest.ThreeTransitionsGasca (2 ms)
[----------] 11 tests from AutomatonIsDeterministicTest (27 ms total)

[----------] 6 tests from AutomatonIsCompleteTest
[ RUN      ] AutomatonIsCompleteTest.Good
[       OK ] AutomatonIsCompleteTest.Good (2 ms)
[ RUN      ] AutomatonIsCompleteTest.TwoTransitions
[       OK ] AutomatonIsCompleteTest.TwoTransitions (2 ms)
[ RUN      ] AutomatonIsCompleteTest.ZeroTransition
[       OK ] AutomatonIsCompleteTest.ZeroTransition (2 ms)
[ RUN      ] AutomatonIsCompleteTest.AddedRemovedTransition
[       OK ] AutomatonIsCompleteTest.AddedRemovedTransition (2 ms)
[ RUN      ] AutomatonIsCompleteTest.Villemin
[       OK ] AutomatonIsCompleteTest.Villemin (1 ms)
[ RUN      ] AutomatonIsCompleteTest.Demougin1
[       OK ] AutomatonIsCompleteTest.Demougin1 (5 ms)
[----------] 6 tests from AutomatonIsCompleteTest (16 ms total)

[----------] 6 tests from AutomatonCreateCompleteTest
[ RUN      ] AutomatonCreateCompleteTest.MissingState
[       OK ] AutomatonCreateCompleteTest.MissingState (60 ms)
[ RUN      ] AutomatonCreateCompleteTest.AlreadyComplete
[       OK ] AutomatonCreateCompleteTest.AlreadyComplete (53 ms)
[ RUN      ] AutomatonCreateCompleteTest.Dillon1
[       OK ] AutomatonCreateCompleteTest.Dillon1 (4 ms)
[ RUN      ] AutomatonCreateCompleteTest.Flecy
[       OK ] AutomatonCreateCompleteTest.Flecy (34 ms)
[ RUN      ] AutomatonCreateCompleteTest.Max
[       OK ] AutomatonCreateCompleteTest.Max (100 ms)
[ RUN      ] AutomatonCreateCompleteTest.Garbage
[       OK ] AutomatonCreateCompleteTest.Garbage (44 ms)
[----------] 6 tests from AutomatonCreateCompleteTest (297 ms total)

[----------] 9 tests from AutomatonCreateComplementTest
[ RUN      ] AutomatonCreateComplementTest.Simple
[       OK ] AutomatonCreateComplementTest.Simple (57 ms)
[ RUN      ] AutomatonCreateComplementTest.NonDeterministic
[       OK ] AutomatonCreateComplementTest.NonDeterministic (88 ms)
[ RUN      ] AutomatonCreateComplementTest.UselessState
[       OK ] AutomatonCreateComplementTest.UselessState (75 ms)
[ RUN      ] AutomatonCreateComplementTest.NonCompleteFlecy
[       OK ] AutomatonCreateComplementTest.NonCompleteFlecy (34 ms)
[ RUN      ] AutomatonCreateComplementTest.NonDeterministicMomi
[       OK ] AutomatonCreateComplementTest.NonDeterministicMomi (74 ms)
[ RUN      ] AutomatonCreateComplementTest.NonCompleteMomi
[       OK ] AutomatonCreateComplementTest.NonCompleteMomi (36 ms)
[ RUN      ] AutomatonCreateComplementTest.EmptyLeonard
[       OK ] AutomatonCreateComplementTest.EmptyLeonard (62 ms)
[ RUN      ] AutomatonCreateComplementTest.EmptyGasca
[       OK ] AutomatonCreateComplementTest.EmptyGasca (60 ms)
[ RUN      ] AutomatonCreateComplementTest.Full
[       OK ] AutomatonCreateComplementTest.Full (80 ms)
[----------] 9 tests from AutomatonCreateComplementTest (572 ms total)

[----------] 4 tests from AutomatonMirror
[ RUN      ] AutomatonMirror.Empty
[       OK ] AutomatonMirror.Empty (12 ms)
[ RUN      ] AutomatonMirror.UnitBerthod
[       OK ] AutomatonMirror.UnitBerthod (14 ms)
[ RUN      ] AutomatonMirror.Simple
[       OK ] AutomatonMirror.Simple (61 ms)
[ RUN      ] AutomatonMirror.InitialFinalState
[       OK ] AutomatonMirror.InitialFinalState (59 ms)
[----------] 4 tests from AutomatonMirror (147 ms total)

[----------] 5 tests from AutomatonMakeTransitionTest
[ RUN      ] AutomatonMakeTransitionTest.Simple
[       OK ] AutomatonMakeTransitionTest.Simple (3 ms)
[ RUN      ] AutomatonMakeTransitionTest.NonDeterministic
[       OK ] AutomatonMakeTransitionTest.NonDeterministic (2 ms)
[ RUN      ] AutomatonMakeTransitionTest.NoTransition
[       OK ] AutomatonMakeTransitionTest.NoTransition (1 ms)
[ RUN      ] AutomatonMakeTransitionTest.NoExistingStateFocheux
[       OK ] AutomatonMakeTransitionTest.NoExistingStateFocheux (1 ms)
[ RUN      ] AutomatonMakeTransitionTest.NoExistingLetter
[       OK ] AutomatonMakeTransitionTest.NoExistingLetter (1 ms)
[----------] 5 tests from AutomatonMakeTransitionTest (12 ms total)

[----------] 5 tests from AutomatonReadStringTest
[ RUN      ] AutomatonReadStringTest.Simple
[       OK ] AutomatonReadStringTest.Simple (7 ms)
[ RUN      ] AutomatonReadStringTest.ManyInitialStates
[       OK ] AutomatonReadStringTest.ManyInitialStates (4 ms)
[ RUN      ] AutomatonReadStringTest.Demougin2
[       OK ] AutomatonReadStringTest.Demougin2 (3 ms)
[ RUN      ] AutomatonReadStringTest.UnknownSymbol
[       OK ] AutomatonReadStringTest.UnknownSymbol (3 ms)
[ RUN      ] AutomatonReadStringTest.InvalidStringMaxel
[       OK ] AutomatonReadStringTest.InvalidStringMaxel (3 ms)
[----------] 5 tests from AutomatonReadStringTest (21 ms total)

[----------] 3 tests from AutomatonMatchTest
[ RUN      ] AutomatonMatchTest.Simple
[       OK ] AutomatonMatchTest.Simple (3 ms)
[ RUN      ] AutomatonMatchTest.ManyInitialStates
[       OK ] AutomatonMatchTest.ManyInitialStates (2 ms)
[ RUN      ] AutomatonMatchTest.ExponentialGuillemot
[       OK ] AutomatonMatchTest.ExponentialGuillemot (3 ms)
[----------] 3 tests from AutomatonMatchTest (9 ms total)

[----------] 5 tests from AutomatonIsEmptyTest
[ RUN      ] AutomatonIsEmptyTest.NotEmpty
[       OK ] AutomatonIsEmptyTest.NotEmpty (2 ms)
[ RUN      ] AutomatonIsEmptyTest.Empty
[       OK ] AutomatonIsEmptyTest.Empty (1 ms)
[ RUN      ] AutomatonIsEmptyTest.UnitLanguage
[       OK ] AutomatonIsEmptyTest.UnitLanguage (1 ms)
[ RUN      ] AutomatonIsEmptyTest.TwoPartsGuillemot
[       OK ] AutomatonIsEmptyTest.TwoPartsGuillemot (2 ms)
[ RUN      ] AutomatonIsEmptyTest.NoEarlyReturnNegar
[       OK ] AutomatonIsEmptyTest.NoEarlyReturnNegar (2 ms)
[----------] 5 tests from AutomatonIsEmptyTest (10 ms total)

[----------] 6 tests from AutomatonRemoveNonAccessibleStatesTest
[ RUN      ] AutomatonRemoveNonAccessibleStatesTest.Present
[       OK ] AutomatonRemoveNonAccessibleStatesTest.Present (5 ms)
[ RUN      ] AutomatonRemoveNonAccessibleStatesTest.NotPresent
[       OK ] AutomatonRemoveNonAccessibleStatesTest.NotPresent (2 ms)
[ RUN      ] AutomatonRemoveNonAccessibleStatesTest.NoInitialState
[       OK ] AutomatonRemoveNonAccessibleStatesTest.NoInitialState (9 ms)
[ RUN      ] AutomatonRemoveNonAccessibleStatesTest.Demougin1
[       OK ] AutomatonRemoveNonAccessibleStatesTest.Demougin1 (3 ms)
[ RUN      ] AutomatonRemoveNonAccessibleStatesTest.Demougin2
[       OK ] AutomatonRemoveNonAccessibleStatesTest.Demougin2 (1 ms)
[ RUN      ] AutomatonRemoveNonAccessibleStatesTest.NoFinalState
[       OK ] AutomatonRemoveNonAccessibleStatesTest.NoFinalState (12 ms)
[----------] 6 tests from AutomatonRemoveNonAccessibleStatesTest (36 ms total)

[----------] 6 tests from AutomatonRemoveNonCoAccessibleStatesTest
[ RUN      ] AutomatonRemoveNonCoAccessibleStatesTest.Present
state to remove 10
[       OK ] AutomatonRemoveNonCoAccessibleStatesTest.Present (8 ms)
[ RUN      ] AutomatonRemoveNonCoAccessibleStatesTest.NotPresent
[       OK ] AutomatonRemoveNonCoAccessibleStatesTest.NotPresent (2 ms)
[ RUN      ] AutomatonRemoveNonCoAccessibleStatesTest.NoFinalState
state to remove 7
state to remove 10
state to remove 13
[       OK ] AutomatonRemoveNonCoAccessibleStatesTest.NoFinalState (8 ms)
[ RUN      ] AutomatonRemoveNonCoAccessibleStatesTest.Maillard
[       OK ] AutomatonRemoveNonCoAccessibleStatesTest.Maillard (2 ms)
[ RUN      ] AutomatonRemoveNonCoAccessibleStatesTest.Demougin1
state to remove 16
state to remove 16
[       OK ] AutomatonRemoveNonCoAccessibleStatesTest.Demougin1 (3 ms)
[ RUN      ] AutomatonRemoveNonCoAccessibleStatesTest.NoInitialState
state to remove 10
[       OK ] AutomatonRemoveNonCoAccessibleStatesTest.NoInitialState (8 ms)
[----------] 6 tests from AutomatonRemoveNonCoAccessibleStatesTest (34 ms total)

[----------] 8 tests from AutomatonCreateIntersectionTest
[ RUN      ] AutomatonCreateIntersectionTest.Different
[       OK ] AutomatonCreateIntersectionTest.Different (85 ms)
[ RUN      ] AutomatonCreateIntersectionTest.Same
[       OK ] AutomatonCreateIntersectionTest.Same (51 ms)
[ RUN      ] AutomatonCreateIntersectionTest.WithEmpty
[       OK ] AutomatonCreateIntersectionTest.WithEmpty (4 ms)
[ RUN      ] AutomatonCreateIntersectionTest.ManyInitialStates
[       OK ] AutomatonCreateIntersectionTest.ManyInitialStates (90 ms)
[ RUN      ] AutomatonCreateIntersectionTest.NonDeterministic
[       OK ] AutomatonCreateIntersectionTest.NonDeterministic (148 ms)
[ RUN      ] AutomatonCreateIntersectionTest.Demougin2
[       OK ] AutomatonCreateIntersectionTest.Demougin2 (18 ms)
[ RUN      ] AutomatonCreateIntersectionTest.DifferentSymbolsPoguet
/home/jube/Univ/theorie_des_langages/projet/corr/2023/sandbox/testfa.cc:3385: Failure
Value of: product.match("")
  Actual: false
Expected: true
[  FAILED  ] AutomatonCreateIntersectionTest.DifferentSymbolsPoguet (12 ms)
[ RUN      ] AutomatonCreateIntersectionTest.BigIntersectionAnonymous
[       OK ] AutomatonCreateIntersectionTest.BigIntersectionAnonymous (406 ms)
[----------] 8 tests from AutomatonCreateIntersectionTest (825 ms total)

[----------] 2 tests from AutomatonHasEmptyIntersectionWithTest
[ RUN      ] AutomatonHasEmptyIntersectionWithTest.NotEmpty
[       OK ] AutomatonHasEmptyIntersectionWithTest.NotEmpty (4 ms)
[ RUN      ] AutomatonHasEmptyIntersectionWithTest.Empty
[       OK ] AutomatonHasEmptyIntersectionWithTest.Empty (3 ms)
[----------] 2 tests from AutomatonHasEmptyIntersectionWithTest (8 ms total)

[----------] 8 tests from AutomatonCreateDeterministicTest
[ RUN      ] AutomatonCreateDeterministicTest.MultipleTransitions
[       OK ] AutomatonCreateDeterministicTest.MultipleTransitions (67 ms)
[ RUN      ] AutomatonCreateDeterministicTest.TwoInitialStates
[       OK ] AutomatonCreateDeterministicTest.TwoInitialStates (55 ms)
[ RUN      ] AutomatonCreateDeterministicTest.Exponential
[       OK ] AutomatonCreateDeterministicTest.Exponential (123 ms)
[ RUN      ] AutomatonCreateDeterministicTest.AlreadyDeterministic
[       OK ] AutomatonCreateDeterministicTest.AlreadyDeterministic (52 ms)
[ RUN      ] AutomatonCreateDeterministicTest.Empty
[       OK ] AutomatonCreateDeterministicTest.Empty (9 ms)
[ RUN      ] AutomatonCreateDeterministicTest.NoInitialState
[       OK ] AutomatonCreateDeterministicTest.NoInitialState (14 ms)
[ RUN      ] AutomatonCreateDeterministicTest.NoFinalState
[       OK ] AutomatonCreateDeterministicTest.NoFinalState (98 ms)
[ RUN      ] AutomatonCreateDeterministicTest.InitialFinalJeandenansLionnet
[       OK ] AutomatonCreateDeterministicTest.InitialFinalJeandenansLionnet (38 ms)
[----------] 8 tests from AutomatonCreateDeterministicTest (460 ms total)

[----------] 8 tests from AutomatonIsIncludedInTest
[ RUN      ] AutomatonIsIncludedInTest.Same
[       OK ] AutomatonIsIncludedInTest.Same (3 ms)
[ RUN      ] AutomatonIsIncludedInTest.False
[       OK ] AutomatonIsIncludedInTest.False (3 ms)
[ RUN      ] AutomatonIsIncludedInTest.True
[       OK ] AutomatonIsIncludedInTest.True (4 ms)
[ RUN      ] AutomatonIsIncludedInTest.DifferentSymbolsSmolinski
[       OK ] AutomatonIsIncludedInTest.DifferentSymbolsSmolinski (3 ms)
[ RUN      ] AutomatonIsIncludedInTest.Royer
[       OK ] AutomatonIsIncludedInTest.Royer (6 ms)
[ RUN      ] AutomatonIsIncludedInTest.DifferentSymbolsLionnet
[       OK ] AutomatonIsIncludedInTest.DifferentSymbolsLionnet (5 ms)
[ RUN      ] AutomatonIsIncludedInTest.EmptyInEmpty
[       OK ] AutomatonIsIncludedInTest.EmptyInEmpty (2 ms)
[ RUN      ] AutomatonIsIncludedInTest.MagicGasca
[       OK ] AutomatonIsIncludedInTest.MagicGasca (2 ms)
[----------] 8 tests from AutomatonIsIncludedInTest (33 ms total)

[----------] 12 tests from AutomatonCreateMinimalMooreTest
[ RUN      ] AutomatonCreateMinimalMooreTest.AlreadyMinimal1
[       OK ] AutomatonCreateMinimalMooreTest.AlreadyMinimal1 (70 ms)
[ RUN      ] AutomatonCreateMinimalMooreTest.AlreadyMinimal2
/home/jube/Univ/theorie_des_langages/projet/corr/2023/sandbox/testfa.cc:4320: Failure
Expected equality of these values:
  minimal.countStates()
    Which is: 7
  6u
    Which is: 6
[  FAILED  ] AutomatonCreateMinimalMooreTest.AlreadyMinimal2 (62 ms)
[ RUN      ] AutomatonCreateMinimalMooreTest.NotMinimal1
/home/jube/Univ/theorie_des_langages/projet/corr/2023/sandbox/testfa.cc:4359: Failure
Expected equality of these values:
  minimal.countStates()
    Which is: 6
  4u
    Which is: 4
[  FAILED  ] AutomatonCreateMinimalMooreTest.NotMinimal1 (56 ms)
[ RUN      ] AutomatonCreateMinimalMooreTest.NotMinimal2
[       OK ] AutomatonCreateMinimalMooreTest.NotMinimal2 (56 ms)
[ RUN      ] AutomatonCreateMinimalMooreTest.NotMinimal3
/home/jube/Univ/theorie_des_langages/projet/corr/2023/sandbox/testfa.cc:4430: Failure
Expected equality of these values:
  minimal.countStates()
    Which is: 7
  3u
    Which is: 3
[  FAILED  ] AutomatonCreateMinimalMooreTest.NotMinimal3 (57 ms)
[ RUN      ] AutomatonCreateMinimalMooreTest.NotMinimal4Buronfosse
/home/jube/Univ/theorie_des_langages/projet/corr/2023/sandbox/testfa.cc:4472: Failure
Expected equality of these values:
  minimal.countStates()
    Which is: 6
  4u
    Which is: 4
[  FAILED  ] AutomatonCreateMinimalMooreTest.NotMinimal4Buronfosse (55 ms)
[ RUN      ] AutomatonCreateMinimalMooreTest.NotMinimal5Pirolley
/home/jube/Univ/theorie_des_langages/projet/corr/2023/sandbox/testfa.cc:4534: Failure
Expected equality of these values:
  minimal.countStates()
    Which is: 7
  6u
    Which is: 6
[  FAILED  ] AutomatonCreateMinimalMooreTest.NotMinimal5Pirolley (50 ms)
[ RUN      ] AutomatonCreateMinimalMooreTest.EmptyRolletViprey
[       OK ] AutomatonCreateMinimalMooreTest.EmptyRolletViprey (30 ms)
[ RUN      ] AutomatonCreateMinimalMooreTest.Leonard
[       OK ] AutomatonCreateMinimalMooreTest.Leonard (35 ms)
[ RUN      ] AutomatonCreateMinimalMooreTest.Gasca
[       OK ] AutomatonCreateMinimalMooreTest.Gasca (53 ms)
[ RUN      ] AutomatonCreateMinimalMooreTest.NonAccessibleStateGasca
[       OK ] AutomatonCreateMinimalMooreTest.NonAccessibleStateGasca (53 ms)
[ RUN      ] AutomatonCreateMinimalMooreTest.NonAccessibleStatePereiraGehant
[       OK ] AutomatonCreateMinimalMooreTest.NonAccessibleStatePereiraGehant (35 ms)
[----------] 12 tests from AutomatonCreateMinimalMooreTest (617 ms total)

[----------] 12 tests from AutomatonCreateMinimalBrzozowskiTest
[ RUN      ] AutomatonCreateMinimalBrzozowskiTest.AlreadyMinimal1
[       OK ] AutomatonCreateMinimalBrzozowskiTest.AlreadyMinimal1 (53 ms)
[ RUN      ] AutomatonCreateMinimalBrzozowskiTest.AlreadyMinimal2
[       OK ] AutomatonCreateMinimalBrzozowskiTest.AlreadyMinimal2 (51 ms)
[ RUN      ] AutomatonCreateMinimalBrzozowskiTest.NotMinimal1
[       OK ] AutomatonCreateMinimalBrzozowskiTest.NotMinimal1 (52 ms)
[ RUN      ] AutomatonCreateMinimalBrzozowskiTest.NotMinimal2
[       OK ] AutomatonCreateMinimalBrzozowskiTest.NotMinimal2 (49 ms)
[ RUN      ] AutomatonCreateMinimalBrzozowskiTest.NotMinimal3
[       OK ] AutomatonCreateMinimalBrzozowskiTest.NotMinimal3 (50 ms)
[ RUN      ] AutomatonCreateMinimalBrzozowskiTest.NotMinimal4Buronfosse
[       OK ] AutomatonCreateMinimalBrzozowskiTest.NotMinimal4Buronfosse (52 ms)
[ RUN      ] AutomatonCreateMinimalBrzozowskiTest.NotMinimal5Pirolley
[       OK ] AutomatonCreateMinimalBrzozowskiTest.NotMinimal5Pirolley (45 ms)
[ RUN      ] AutomatonCreateMinimalBrzozowskiTest.EmptyRolletViprey
[       OK ] AutomatonCreateMinimalBrzozowskiTest.EmptyRolletViprey (27 ms)
[ RUN      ] AutomatonCreateMinimalBrzozowskiTest.Leonard
[       OK ] AutomatonCreateMinimalBrzozowskiTest.Leonard (32 ms)
[ RUN      ] AutomatonCreateMinimalBrzozowskiTest.Gasca
[       OK ] AutomatonCreateMinimalBrzozowskiTest.Gasca (52 ms)
[ RUN      ] AutomatonCreateMinimalBrzozowskiTest.WithNonAccessibleState
[       OK ] AutomatonCreateMinimalBrzozowskiTest.WithNonAccessibleState (52 ms)
[ RUN      ] AutomatonCreateMinimalBrzozowskiTest.NonAccessibleStatePereiraGehant
[       OK ] AutomatonCreateMinimalBrzozowskiTest.NonAccessibleStatePereiraGehant (32 ms)
[----------] 12 tests from AutomatonCreateMinimalBrzozowskiTest (556 ms total)

[----------] 4 tests from AutomatonSpecialCaseTest
[ RUN      ] AutomatonSpecialCaseTest.OneState
[       OK ] AutomatonSpecialCaseTest.OneState (1 ms)
[ RUN      ] AutomatonSpecialCaseTest.OneInitialState
[       OK ] AutomatonSpecialCaseTest.OneInitialState (1 ms)
[ RUN      ] AutomatonSpecialCaseTest.OneInitialFinalState
[       OK ] AutomatonSpecialCaseTest.OneInitialFinalState (1 ms)
[ RUN      ] AutomatonSpecialCaseTest.Loop
[       OK ] AutomatonSpecialCaseTest.Loop (1 ms)
[----------] 4 tests from AutomatonSpecialCaseTest (7 ms total)

[----------] 2 tests from AutomatonCppTest
[ RUN      ] AutomatonCppTest.Copy
[       OK ] AutomatonCppTest.Copy (3 ms)
[ RUN      ] AutomatonCppTest.Move
[       OK ] AutomatonCppTest.Move (3 ms)
[----------] 2 tests from AutomatonCppTest (7 ms total)

[----------] Global test environment tear-down
[==========] 175 tests from 30 test suites ran. (3849 ms total)
[  PASSED  ] 169 tests.
[  FAILED  ] 6 tests, listed below:
[  FAILED  ] AutomatonCreateIntersectionTest.DifferentSymbolsPoguet
[  FAILED  ] AutomatonCreateMinimalMooreTest.AlreadyMinimal2
[  FAILED  ] AutomatonCreateMinimalMooreTest.NotMinimal1
[  FAILED  ] AutomatonCreateMinimalMooreTest.NotMinimal3
[  FAILED  ] AutomatonCreateMinimalMooreTest.NotMinimal4Buronfosse
[  FAILED  ] AutomatonCreateMinimalMooreTest.NotMinimal5Pirolley

 6 FAILED TESTS
==18867== 
==18867== HEAP SUMMARY:
==18867==     in use at exit: 0 bytes in 0 blocks
==18867==   total heap usage: 1,779,617 allocs, 1,779,617 frees, 73,925,217 bytes allocated
==18867== 
==18867== All heap blocks were freed -- no leaks are possible
==18867== 
==18867== For lists of detected and suppressed errors, rerun with: -s
==18867== ERROR SUMMARY: 0 errors from 0 contexts (suppressed: 0 from 0)
