-- The CXX compiler identification is GNU 12.2.0
-- The C compiler identification is GNU 12.2.0
-- Detecting CXX compiler ABI info
-- Detecting CXX compiler ABI info - done
-- Check for working CXX compiler: /usr/bin/c++ - skipped
-- Detecting CXX compile features
-- Detecting CXX compile features - done
-- Detecting C compiler ABI info
-- Detecting C compiler ABI info - done
-- Check for working C compiler: /usr/bin/cc - skipped
-- Detecting C compile features
-- Detecting C compile features - done
-- Performing Test CMAKE_HAVE_LIBC_PTHREAD
-- Performing Test CMAKE_HAVE_LIBC_PTHREAD - Success
-- Found Threads: TRUE  
-- Configuring done
-- Generating done
-- Build files have been written to: /home/jube/Univ/theorie_des_langages/projet/corr/2023/sandbox/build
[ 25%] Building CXX object CMakeFiles/testfa.dir/Automaton.cc.o
/home/jube/Univ/theorie_des_langages/projet/corr/2023/sandbox/Automaton.cc: In member function ‘bool fa::Automaton::isIncludedIn(const fa::Automaton&) const’:
/home/jube/Univ/theorie_des_langages/projet/corr/2023/sandbox/Automaton.cc:843:49: warning: unused parameter ‘other’ [-Wunused-parameter]
  843 |   bool Automaton::isIncludedIn(const Automaton &other) const
      |                                ~~~~~~~~~~~~~~~~~^~~~~
/home/jube/Univ/theorie_des_langages/projet/corr/2023/sandbox/Automaton.cc: In static member function ‘static fa::Automaton fa::Automaton::createDeterministic(const fa::Automaton&)’:
/home/jube/Univ/theorie_des_langages/projet/corr/2023/sandbox/Automaton.cc:849:61: warning: unused parameter ‘other’ [-Wunused-parameter]
  849 |   Automaton Automaton::createDeterministic(const Automaton &other)
      |                                            ~~~~~~~~~~~~~~~~~^~~~~
/home/jube/Univ/theorie_des_langages/projet/corr/2023/sandbox/Automaton.cc: In static member function ‘static fa::Automaton fa::Automaton::createMinimalBrzozowski(const fa::Automaton&)’:
/home/jube/Univ/theorie_des_langages/projet/corr/2023/sandbox/Automaton.cc:860:65: warning: unused parameter ‘other’ [-Wunused-parameter]
  860 |   Automaton Automaton::createMinimalBrzozowski(const Automaton &other)
      |                                                ~~~~~~~~~~~~~~~~~^~~~~
[ 50%] Building CXX object CMakeFiles/testfa.dir/testfa.cc.o
[ 75%] Building CXX object CMakeFiles/testfa.dir/googletest/googletest/src/gtest-all.cc.o
[100%] Linking CXX executable testfa
/usr/bin/ld : CMakeFiles/testfa.dir/testfa.cc.o : dans la fonction « AutomatonCreateMinimalMooreTest_NonAccessibleStateGasca_Test::TestBody() » :
/home/jube/Univ/theorie_des_langages/projet/corr/2023/sandbox/testfa.cc:4676 : référence indéfinie vers « fa::Automaton::createMinimalMoore(fa::Automaton const&) »
/usr/bin/ld : CMakeFiles/testfa.dir/testfa.cc.o : dans la fonction « AutomatonCreateMinimalMooreTest_EmptyRolletViprey_Test::TestBody() » :
/home/jube/Univ/theorie_des_langages/projet/corr/2023/sandbox/testfa.cc:4664 : référence indéfinie vers « fa::Automaton::createMinimalMoore(fa::Automaton const&) »
/usr/bin/ld : CMakeFiles/testfa.dir/testfa.cc.o : dans la fonction « AutomatonCreateMinimalMooreTest_Leonard_Test::TestBody() » :
/home/jube/Univ/theorie_des_langages/projet/corr/2023/sandbox/testfa.cc:4668 : référence indéfinie vers « fa::Automaton::createMinimalMoore(fa::Automaton const&) »
/usr/bin/ld : CMakeFiles/testfa.dir/testfa.cc.o : dans la fonction « AutomatonCreateMinimalMooreTest_NotMinimal2_Test::TestBody() » :
/home/jube/Univ/theorie_des_langages/projet/corr/2023/sandbox/testfa.cc:4648 : référence indéfinie vers « fa::Automaton::createMinimalMoore(fa::Automaton const&) »
/usr/bin/ld : CMakeFiles/testfa.dir/testfa.cc.o : dans la fonction « AutomatonCreateMinimalMooreTest_Gasca_Test::TestBody() » :
/home/jube/Univ/theorie_des_langages/projet/corr/2023/sandbox/testfa.cc:4672 : référence indéfinie vers « fa::Automaton::createMinimalMoore(fa::Automaton const&) »
/usr/bin/ld : CMakeFiles/testfa.dir/testfa.cc.o:/home/jube/Univ/theorie_des_langages/projet/corr/2023/sandbox/testfa.cc:4652 : encore plus de références indéfinies suivent vers « fa::Automaton::createMinimalMoore(fa::Automaton const&) »
collect2: error: ld returned 1 exit status
make[2]: *** [CMakeFiles/testfa.dir/build.make:129 : testfa] Erreur 1
make[1]: *** [CMakeFiles/Makefile2:83 : CMakeFiles/testfa.dir/all] Erreur 2
make: *** [Makefile:91 : all] Erreur 2
